<?xml version="1.0" encoding="UTF-8"?>
<robot generator="Robot 7.2.2 (Python 3.8.10 on linux)" generated="2025-06-06T17:20:56.012643" rpa="false" schemaversion="5">
<suite id="s1" name="KONT-BR-GP-2 1 1" source="/home/ats/ATS/kqa/KGPON-BR/suites/KONT-BR-GP-2_1_1.robot">
<kw name="Setup Common" owner="keyword" type="SETUP">
<kw name="Close All Connections" owner="CustomKeywords">
<doc>Closes all open connections and empties the connection cache.</doc>
<status status="PASS" start="2025-06-06T17:20:56.373576" elapsed="0.000350"/>
</kw>
<kw name="Load Topology" owner="CustomKeywords">
<arg>/home/ats/ATS/kqa/KGPON-BR/suites_data/topology.yaml</arg>
<status status="PASS" start="2025-06-06T17:20:56.374087" elapsed="0.006794"/>
</kw>
<kw name="Make Suite Variables" owner="keyword">
<kw name="Get Device Model" owner="CustomKeywords">
<msg time="2025-06-06T17:20:56.381543" level="INFO">${ONU_MODEL} = PM1191</msg>
<var>${ONU_MODEL}</var>
<arg>Onu0</arg>
<status status="PASS" start="2025-06-06T17:20:56.381361" elapsed="0.000217"/>
</kw>
<kw name="Set Suite Variable" owner="BuiltIn">
<msg time="2025-06-06T17:20:56.381950" level="INFO">${ONU_MODEL} = PM1191</msg>
<arg>${ONU_MODEL}</arg>
<doc>Makes a variable available everywhere within the scope of the current suite.</doc>
<status status="PASS" start="2025-06-06T17:20:56.381717" elapsed="0.000279"/>
</kw>
<kw name="Get Device Custom Field" owner="CustomKeywords">
<msg time="2025-06-06T17:20:56.382256" level="INFO">${ONU_SN} = 4B414F4EAF523D04</msg>
<var>${ONU_SN}</var>
<arg>Onu0</arg>
<arg>serial</arg>
<status status="PASS" start="2025-06-06T17:20:56.382105" elapsed="0.000177"/>
</kw>
<kw name="Set Suite Variable" owner="BuiltIn">
<msg time="2025-06-06T17:20:56.382582" level="INFO">${ONU_SN} = 4B414F4EAF523D04</msg>
<arg>${ONU_SN}</arg>
<doc>Makes a variable available everywhere within the scope of the current suite.</doc>
<status status="PASS" start="2025-06-06T17:20:56.382396" elapsed="0.000229"/>
</kw>
<kw name="Get Device Custom Field" owner="CustomKeywords">
<msg time="2025-06-06T17:20:56.382885" level="INFO">${ONU_VERSION} = 2.0.30_eng</msg>
<var>${ONU_VERSION}</var>
<arg>Onu0</arg>
<arg>version</arg>
<status status="PASS" start="2025-06-06T17:20:56.382730" elapsed="0.000182"/>
</kw>
<kw name="Set Suite Variable" owner="BuiltIn">
<msg time="2025-06-06T17:20:56.383203" level="INFO">${ONU_VERSION} = 2.0.30_eng</msg>
<arg>${ONU_VERSION}</arg>
<doc>Makes a variable available everywhere within the scope of the current suite.</doc>
<status status="PASS" start="2025-06-06T17:20:56.383024" elapsed="0.000220"/>
</kw>
<kw name="Get Port Alias From Link" owner="CustomKeywords">
<msg time="2025-06-06T17:20:56.383493" level="INFO">${OLT_PON_ALIAS} = 0/2</msg>
<var>${OLT_PON_ALIAS}</var>
<arg>Olt0</arg>
<arg>olt0-pon0</arg>
<status status="PASS" start="2025-06-06T17:20:56.383346" elapsed="0.000173"/>
</kw>
<kw name="Set Suite Variable" owner="BuiltIn">
<msg time="2025-06-06T17:20:56.383808" level="INFO">${OLT_PON_ALIAS} = 0/2</msg>
<arg>${OLT_PON_ALIAS}</arg>
<doc>Makes a variable available everywhere within the scope of the current suite.</doc>
<status status="PASS" start="2025-06-06T17:20:56.383629" elapsed="0.000220"/>
</kw>
<kw name="Get Port Name From Link" owner="CustomKeywords">
<msg time="2025-06-06T17:20:56.384104" level="INFO">${OLT_PON_NAME} = gpon 0/2</msg>
<var>${OLT_PON_NAME}</var>
<arg>Olt0</arg>
<arg>olt0-pon0</arg>
<status status="PASS" start="2025-06-06T17:20:56.383953" elapsed="0.000176"/>
</kw>
<kw name="Set Suite Variable" owner="BuiltIn">
<msg time="2025-06-06T17:20:56.384427" level="INFO">${OLT_PON_NAME} = gpon 0/2</msg>
<arg>${OLT_PON_NAME}</arg>
<doc>Makes a variable available everywhere within the scope of the current suite.</doc>
<status status="PASS" start="2025-06-06T17:20:56.384238" elapsed="0.000231"/>
</kw>
<kw name="Get Port Index From Link" owner="CustomKeywords">
<msg time="2025-06-06T17:20:56.384717" level="INFO">${OLT_PON_INDEX} = 6</msg>
<var>${OLT_PON_INDEX}</var>
<arg>Olt0</arg>
<arg>olt0-pon0</arg>
<status status="PASS" start="2025-06-06T17:20:56.384571" elapsed="0.000171"/>
</kw>
<kw name="Set Suite Variable" owner="BuiltIn">
<msg time="2025-06-06T17:20:56.385040" level="INFO">${OLT_PON_INDEX} = 6</msg>
<arg>${OLT_PON_INDEX}</arg>
<doc>Makes a variable available everywhere within the scope of the current suite.</doc>
<status status="PASS" start="2025-06-06T17:20:56.384859" elapsed="0.000230"/>
</kw>
<kw name="Get Port Alias From Link" owner="CustomKeywords">
<msg time="2025-06-06T17:20:56.385340" level="INFO">${ONU_UNI_ALIAS} = 1</msg>
<var>${ONU_UNI_ALIAS}</var>
<arg>Onu0</arg>
<arg>onu0-ixia-1</arg>
<status status="PASS" start="2025-06-06T17:20:56.385194" elapsed="0.000172"/>
</kw>
<kw name="Set Suite Variable" owner="BuiltIn">
<msg time="2025-06-06T17:20:56.385694" level="INFO">${ONU_UNI_ALIAS} = 1</msg>
<arg>${ONU_UNI_ALIAS}</arg>
<doc>Makes a variable available everywhere within the scope of the current suite.</doc>
<status status="PASS" start="2025-06-06T17:20:56.385484" elapsed="0.000254"/>
</kw>
<kw name="Get Port Name From Link" owner="CustomKeywords">
<msg time="2025-06-06T17:20:56.385994" level="INFO">${ONU_UNI_NAME} = eth1</msg>
<var>${ONU_UNI_NAME}</var>
<arg>Onu0</arg>
<arg>onu0-ixia-1</arg>
<status status="PASS" start="2025-06-06T17:20:56.385847" elapsed="0.000173"/>
</kw>
<kw name="Set Suite Variable" owner="BuiltIn">
<msg time="2025-06-06T17:20:56.386310" level="INFO">${ONU_UNI_NAME} = eth1</msg>
<arg>${ONU_UNI_NAME}</arg>
<doc>Makes a variable available everywhere within the scope of the current suite.</doc>
<status status="PASS" start="2025-06-06T17:20:56.386132" elapsed="0.000220"/>
</kw>
<status status="PASS" start="2025-06-06T17:20:56.381155" elapsed="0.005262"/>
</kw>
<status status="PASS" start="2025-06-06T17:20:56.372817" elapsed="0.013643"/>
</kw>
<test id="s1-t1" name="Automatic Ont Discovery" line="14">
<kw name="Connect To Huawei" owner="keyword">
<kw name="Connect To Dut" owner="CustomKeywords">
<msg time="2025-06-06T17:20:57.535944" level="INFO">Warning: Telnet is not a secure protocol, and it is recommended to use Stelnet.

&gt;&gt;User name:admin2
&gt;&gt;User password:


  Huawei Integrated Access Software (MA5800).
  Copyright(C) Huawei Technologies Co., Ltd. 2002-2022. All rights reserved.

  -----------------------------------------------------------------------------
  User last login information:
  -----------------------------------------------------------------------------
  Access Type : Telnet
  IP-Address  : 192.168.150.100
  Login  Time : 2023-12-17 09:20:44+08:00
  Logout Time : 2023-12-17 09:20:45+08:00
  -----------------------------------------------------------------------------
  -----------------------------------------------------------------------------
  All user fail login information:
  -----------------------------------------------------------------------------
  Access Type IP-Address           Time                          Login Times
  -----------------------------------------------------------------------------
  Telnet      192.168.150.31       2023-12-15 03:01:16+08:00               1
  Telnet      192.168.150.127      2023-12-13 08:32:29+08:00               1
  Telnet      192.168.150.118      2023-12-13 01:33:21+08:00               1
  -----------------------------------------------------------------------------

MA5800-X7&gt;
  Warning: The user password is set by other administrator or NMS, it is 
recommended to change the password.

MA5800-X7&gt;</msg>
<arg>Olt0</arg>
<doc>Connect to DUT using topology data from TopologyLoader.</doc>
<status status="PASS" start="2025-06-06T17:20:56.387212" elapsed="1.654056"/>
</kw>
<kw name="Unset Interactive" owner="CustomKeywords">
<msg time="2025-06-06T17:20:58.078966" level="INFO">undo smart</msg>
<msg time="2025-06-06T17:20:58.090536" level="INFO">Interactive function is disabled

MA5800-X7&gt;</msg>
<doc>keyword using for huawei only, it should perform with each test</doc>
<status status="PASS" start="2025-06-06T17:20:58.041984" elapsed="0.048809"/>
</kw>
<kw name="Set Terminal Length" owner="CustomKeywords">
<msg time="2025-06-06T17:20:58.113829" level="INFO">scroll 512</msg>
<msg time="2025-06-06T17:20:58.118875" level="INFO">MA5800-X7&gt;</msg>
<status status="PASS" start="2025-06-06T17:20:58.091308" elapsed="0.027792"/>
</kw>
<kw name="Send Command" owner="CustomKeywords">
<msg time="2025-06-06T17:20:58.146689" level="INFO">enable</msg>
<arg>enable</arg>
<arg>reset_prompt=True</arg>
<doc>Send command and optionally reset prompt.</doc>
<status status="PASS" start="2025-06-06T17:20:58.119580" elapsed="0.557607"/>
</kw>
<status status="PASS" start="2025-06-06T17:20:56.386977" elapsed="2.290597"/>
</kw>
<kw name="Get Onu Unprovision" owner="keyword">
<kw name="Access Config Mode" owner="keyword">
<kw name="Send Command" owner="CustomKeywords">
<msg time="2025-06-06T17:20:58.759474" level="INFO">config</msg>
<arg>config</arg>
<arg>reset_prompt=True</arg>
<doc>Send command and optionally reset prompt.</doc>
<status status="PASS" start="2025-06-06T17:20:58.680452" elapsed="0.629747"/>
</kw>
<status status="PASS" start="2025-06-06T17:20:58.679582" elapsed="0.630975"/>
</kw>
<kw name="Access Interface Mode" owner="keyword">
<kw name="Send Command" owner="CustomKeywords">
<msg time="2025-06-06T17:20:59.435909" level="INFO">interface gpon 0/2</msg>
<arg>interface ${OLT_PON_NAME}</arg>
<arg>reset_prompt=True</arg>
<doc>Send command and optionally reset prompt.</doc>
<status status="PASS" start="2025-06-06T17:20:59.312159" elapsed="0.689710"/>
</kw>
<status status="PASS" start="2025-06-06T17:20:59.311184" elapsed="0.690875"/>
</kw>
<kw name="Send Command" owner="CustomKeywords">
<msg time="2025-06-06T17:21:00.102433" level="INFO">display ont autofind 6</msg>
<msg time="2025-06-06T17:21:00.147213" level="INFO">Failure: The automatically found ONTs do not exist

MA5800-X7(config-if-gpon-0/2)#</msg>
<msg time="2025-06-06T17:21:00.147444" level="INFO">${result} =   Failure: The automatically found ONTs do not exist

MA5800-X7(config-if-gpon-0/2)#</msg>
<var>${result}</var>
<arg>display ont autofind ${OLT_PON_INDEX}</arg>
<doc>Send command and optionally reset prompt.</doc>
<status status="PASS" start="2025-06-06T17:21:00.002313" elapsed="0.145168"/>
</kw>
<return>
<value>${result}</value>
<status status="PASS" start="2025-06-06T17:21:00.147637" elapsed="0.000103"/>
</return>
<msg time="2025-06-06T17:21:00.147974" level="INFO">${find_onu} =   Failure: The automatically found ONTs do not exist

MA5800-X7(config-if-gpon-0/2)#</msg>
<var>${find_onu}</var>
<status status="PASS" start="2025-06-06T17:20:58.678556" elapsed="1.469448"/>
</kw>
<kw name="Parse Table" owner="CustomKeywords">
<msg time="2025-06-06T17:21:00.149979" level="FAIL">ValueError: Cannot parse the raw string with the provided template.</msg>
<var>${find_onu_table}</var>
<arg>${find_onu}</arg>
<arg>/home/ats/ATS/kqa/KGPON-BR/suites/resource/unprovision_onu_hw.template</arg>
<doc>Keyword: Parse Table
Use TextFSM to parse the raw_string into a DataFrame.
Arguments:
  - raw_string: output string need to be parsed.
  - template_path: path to file TextFSM template. File extension: *.template</doc>
<status status="FAIL" start="2025-06-06T17:21:00.148321" elapsed="0.002097">ValueError: Cannot parse the raw string with the provided template.</status>
</kw>
<kw name="Create Onu Verify Table">
<status status="NOT RUN" start="2025-06-06T17:21:00.150853" elapsed="0.000043"/>
</kw>
<kw name="Log To Console" owner="BuiltIn">
<arg>${find_onu_table}</arg>
<doc>Logs the given message to the console.</doc>
<status status="NOT RUN" start="2025-06-06T17:21:00.151097" elapsed="0.000026"/>
</kw>
<kw name="Log To Console" owner="BuiltIn">
<arg>${onu_verify_table}</arg>
<doc>Logs the given message to the console.</doc>
<status status="NOT RUN" start="2025-06-06T17:21:00.151266" elapsed="0.000021"/>
</kw>
<kw name="Verify Table" owner="CustomKeywords">
<var>${result}</var>
<arg>${onu_verify_table}</arg>
<arg>${find_onu_table}</arg>
<doc>Keyword: Verify Table
Compare two tables (expected_result and actual_result) based on the specified mode.
Input can be a string or a DataFrame.
- If whitelist: all rows in the expected_result must appear in the actual_result.
- If blacklist: no rows in the expected_result should appear in the actual_result.</doc>
<status status="NOT RUN" start="2025-06-06T17:21:00.151428" elapsed="0.000021"/>
</kw>
<kw name="Should Be True" owner="BuiltIn">
<arg>${result}</arg>
<doc>Fails if the given condition is not true.</doc>
<status status="NOT RUN" start="2025-06-06T17:21:00.151591" elapsed="0.000020"/>
</kw>
<status status="FAIL" start="2025-06-06T17:20:56.386529" elapsed="3.765335">ValueError: Cannot parse the raw string with the provided template.</status>
</test>
<kw name="Teardown Common" owner="keyword" type="TEARDOWN">
<kw name="Close All Connections" owner="CustomKeywords">
<doc>Closes all open connections and empties the connection cache.</doc>
<status status="PASS" start="2025-06-06T17:21:00.152866" elapsed="0.000244"/>
</kw>
<status status="PASS" start="2025-06-06T17:21:00.152572" elapsed="0.000626"/>
</kw>
<status status="FAIL" start="2025-06-06T17:20:56.013531" elapsed="4.139698"/>
</suite>
<statistics>
<total>
<stat pass="0" fail="1" skip="0">All Tests</stat>
</total>
<tag>
</tag>
<suite>
<stat name="KONT-BR-GP-2 1 1" id="s1" pass="0" fail="1" skip="0">KONT-BR-GP-2 1 1</stat>
</suite>
</statistics>
<errors>
</errors>
</robot>
