<?xml version="1.0" encoding="UTF-8"?>
<robot generator="Robot 7.2.2 (Python 3.8.10 on linux)" generated="2025-07-17T18:45:12.925869" rpa="false" schemaversion="5">
<suite id="s1" name="Port Forwarding" source="/home/ats/ATS/kqa/PG2142_Web/suites/port_forwarding.robot">
<test id="s1-t1" name="Set Port Forwarding Rule" line="23">
<kw name="Login Web" owner="keyword" type="SETUP">
<msg time="2025-07-17T18:45:13.059388" level="TRACE">Arguments: [ ${BROWSER}='chrome' | ${URL}='https://34.1.1.107' | ${USERNAME}='admin' | ${PASSWORD}='admin' ]</msg>
<kw name="Close All Browsers" owner="SeleniumLibrary">
<msg time="2025-07-17T18:45:13.060429" level="TRACE">Arguments: [  ]</msg>
<msg time="2025-07-17T18:45:13.060543" level="DEBUG">Closing all browsers.</msg>
<msg time="2025-07-17T18:45:13.060600" level="TRACE">Return: None</msg>
<doc>Closes all open browsers and resets the browser cache.</doc>
<status status="PASS" start="2025-07-17T18:45:13.060325" elapsed="0.000325"/>
</kw>
<kw name="Open Browser" owner="SeleniumLibrary">
<msg time="2025-07-17T18:45:13.061070" level="TRACE">Arguments: [ browser='chrome' | options='add_argument("--disable-popup-blocking"); add_argument("--ignore-certificate-errors"); add_argument("--headless"); add_argument("--no-sandbox"); add_argument("--disable-dev-shm-usage")' ]</msg>
<msg time="2025-07-17T18:45:13.061185" level="INFO">Opening browser 'chrome' to base url 'None'.</msg>
<msg time="2025-07-17T18:45:13.066634" level="DEBUG">Selenium Manager binary found at: /usr/local/lib/python3.8/dist-packages/selenium/webdriver/common/linux/selenium-manager</msg>
<msg time="2025-07-17T18:45:13.066733" level="DEBUG">Executing process: /usr/local/lib/python3.8/dist-packages/selenium/webdriver/common/linux/selenium-manager --browser chrome --language-binding python --output json</msg>
<msg time="2025-07-17T18:45:13.140425" level="DEBUG">Driver path: /usr/local/bin/chromedriver</msg>
<msg time="2025-07-17T18:45:13.141102" level="DEBUG">Browser path: /usr/bin/google-chrome</msg>
<msg time="2025-07-17T18:45:13.146686" level="DEBUG">Started executable: `/usr/local/bin/chromedriver` in a child process with pid: 385952 using 0 to output -3</msg>
<msg time="2025-07-17T18:45:13.163031" level="DEBUG">POST http://localhost:33753/session {'capabilities': {'firstMatch': [{}], 'alwaysMatch': {'browserName': 'chrome', 'pageLoadStrategy': &lt;PageLoadStrategy.normal: 'normal'&gt;, 'browserVersion': None, 'goog:chromeOptions': {'extensions': [], 'binary': '/usr/bin/google-chrome', 'args': ['--disable-popup-blocking', '--ignore-certificate-errors', '--headless', '--no-sandbox', '--disable-dev-shm-usage']}}}}</msg>
<msg time="2025-07-17T18:45:13.163603" level="DEBUG">Starting new HTTP connection (1): localhost:33753</msg>
<msg time="2025-07-17T18:45:13.396262" level="DEBUG">http://localhost:33753 "POST /session HTTP/1.1" 200 851</msg>
<msg time="2025-07-17T18:45:13.414184" level="DEBUG">Remote response: status=200 | data={"value":{"capabilities":{"acceptInsecureCerts":false,"browserName":"chrome","browserVersion":"138.0.7204.100","chrome":{"chromedriverVersion":"138.0.7204.100 (5f45b4744e3d5ba82c2ca6d942f1e7a516110752-refs/branch-heads/7204_50@{#21})","userDataDir":"/tmp/.org.chromium.Chromium.opWmY3"},"fedcm:accounts":true,"goog:chromeOptions":{"debuggerAddress":"localhost:36963"},"networkConnectionEnabled":false,"pageLoadStrategy":"normal","platformName":"linux","proxy":{},"setWindowRect":true,"strictFileInteractability":false,"timeouts":{"implicit":0,"pageLoad":300000,"script":30000},"unhandledPromptBehavior":"dismiss and notify","webauthn:extension:credBlob":true,"webauthn:extension:largeBlob":true,"webauthn:extension:minPinLength":true,"webauthn:extension:prf":true,"webauthn:virtualAuthenticators":true},"sessionId":"0fc9e21bd398644a181ade2cafc2ca4b"}} | headers=HTTPHeaderDict({'Content-Length': '851', 'Content-Type': 'application/json; charset=utf-8', 'cache-control': 'no-cache'})</msg>
<msg time="2025-07-17T18:45:13.414362" level="DEBUG">Finished Request</msg>
<msg time="2025-07-17T18:45:13.414580" level="DEBUG">POST http://localhost:33753/session/0fc9e21bd398644a181ade2cafc2ca4b/timeouts {'script': 5000}</msg>
<msg time="2025-07-17T18:45:13.415986" level="DEBUG">http://localhost:33753 "POST /session/0fc9e21bd398644a181ade2cafc2ca4b/timeouts HTTP/1.1" 200 14</msg>
<msg time="2025-07-17T18:45:13.416249" level="DEBUG">Remote response: status=200 | data={"value":null} | headers=HTTPHeaderDict({'Content-Length': '14', 'Content-Type': 'application/json; charset=utf-8', 'cache-control': 'no-cache'})</msg>
<msg time="2025-07-17T18:45:13.416337" level="DEBUG">Finished Request</msg>
<msg time="2025-07-17T18:45:13.416448" level="DEBUG">POST http://localhost:33753/session/0fc9e21bd398644a181ade2cafc2ca4b/timeouts {'implicit': 0}</msg>
<msg time="2025-07-17T18:45:13.417172" level="DEBUG">http://localhost:33753 "POST /session/0fc9e21bd398644a181ade2cafc2ca4b/timeouts HTTP/1.1" 200 14</msg>
<msg time="2025-07-17T18:45:13.417364" level="DEBUG">Remote response: status=200 | data={"value":null} | headers=HTTPHeaderDict({'Content-Length': '14', 'Content-Type': 'application/json; charset=utf-8', 'cache-control': 'no-cache'})</msg>
<msg time="2025-07-17T18:45:13.417444" level="DEBUG">Finished Request</msg>
<msg time="2025-07-17T18:45:13.417566" level="DEBUG">POST http://localhost:33753/session/0fc9e21bd398644a181ade2cafc2ca4b/timeouts {'pageLoad': 300000}</msg>
<msg time="2025-07-17T18:45:13.418212" level="DEBUG">http://localhost:33753 "POST /session/0fc9e21bd398644a181ade2cafc2ca4b/timeouts HTTP/1.1" 200 14</msg>
<msg time="2025-07-17T18:45:13.418389" level="DEBUG">Remote response: status=200 | data={"value":null} | headers=HTTPHeaderDict({'Content-Length': '14', 'Content-Type': 'application/json; charset=utf-8', 'cache-control': 'no-cache'})</msg>
<msg time="2025-07-17T18:45:13.418467" level="DEBUG">Finished Request</msg>
<msg time="2025-07-17T18:45:13.418540" level="DEBUG">Opened browser with session id 0fc9e21bd398644a181ade2cafc2ca4b.</msg>
<msg time="2025-07-17T18:45:13.418628" level="TRACE">Return: 1</msg>
<arg>browser=${BROWSER}</arg>
<arg>options=add_argument("--disable-popup-blocking"); add_argument("--ignore-certificate-errors"); add_argument("--headless"); add_argument("--no-sandbox"); add_argument("--disable-dev-shm-usage")</arg>
<doc>Opens a new browser instance to the optional ``url``.</doc>
<status status="PASS" start="2025-07-17T18:45:13.060840" elapsed="0.357859"/>
</kw>
<kw name="Go To" owner="SeleniumLibrary">
<msg time="2025-07-17T18:45:13.419310" level="TRACE">Arguments: [ 'https://34.1.1.107' ]</msg>
<msg time="2025-07-17T18:45:13.419439" level="INFO">Opening url 'https://34.1.1.107'</msg>
<msg time="2025-07-17T18:45:13.419552" level="DEBUG">POST http://localhost:33753/session/0fc9e21bd398644a181ade2cafc2ca4b/url {'url': 'https://34.1.1.107'}</msg>
<msg time="2025-07-17T18:45:14.752858" level="DEBUG">http://localhost:33753 "POST /session/0fc9e21bd398644a181ade2cafc2ca4b/url HTTP/1.1" 200 14</msg>
<msg time="2025-07-17T18:45:14.753203" level="DEBUG">Remote response: status=200 | data={"value":null} | headers=HTTPHeaderDict({'Content-Length': '14', 'Content-Type': 'application/json; charset=utf-8', 'cache-control': 'no-cache'})</msg>
<msg time="2025-07-17T18:45:14.753307" level="DEBUG">Finished Request</msg>
<msg time="2025-07-17T18:45:14.753398" level="TRACE">Return: None</msg>
<arg>${URL}</arg>
<doc>Navigates the current browser window to the provided ``url``.</doc>
<status status="PASS" start="2025-07-17T18:45:13.419020" elapsed="1.334443"/>
</kw>
<kw name="Title Should Be" owner="SeleniumLibrary">
<msg time="2025-07-17T18:45:14.753957" level="TRACE">Arguments: [ 'KAON Broadband CPE' ]</msg>
<msg time="2025-07-17T18:45:14.754175" level="DEBUG">GET http://localhost:33753/session/0fc9e21bd398644a181ade2cafc2ca4b/title {}</msg>
<msg time="2025-07-17T18:45:14.759342" level="DEBUG">http://localhost:33753 "GET /session/0fc9e21bd398644a181ade2cafc2ca4b/title HTTP/1.1" 200 30</msg>
<msg time="2025-07-17T18:45:14.759602" level="DEBUG">Remote response: status=200 | data={"value":"KAON Broadband CPE"} | headers=HTTPHeaderDict({'Content-Length': '30', 'Content-Type': 'application/json; charset=utf-8', 'cache-control': 'no-cache'})</msg>
<msg time="2025-07-17T18:45:14.759770" level="DEBUG">Finished Request</msg>
<msg time="2025-07-17T18:45:14.759840" level="INFO">Page title is 'KAON Broadband CPE'.</msg>
<msg time="2025-07-17T18:45:14.759906" level="TRACE">Return: None</msg>
<arg>KAON Broadband CPE</arg>
<doc>Verifies that the current page title equals ``title``.</doc>
<status status="PASS" start="2025-07-17T18:45:14.753762" elapsed="0.006203"/>
</kw>
<kw name="Wait Until Element Is Visible" owner="SeleniumLibrary">
<msg time="2025-07-17T18:45:14.760704" level="TRACE">Arguments: [ 'name=username_in' ]</msg>
<msg time="2025-07-17T18:45:14.761126" level="DEBUG">POST http://localhost:33753/session/0fc9e21bd398644a181ade2cafc2ca4b/elements {'using': 'css selector', 'value': '[name="username_in"]'}</msg>
<msg time="2025-07-17T18:45:14.774907" level="DEBUG">http://localhost:33753 "POST /session/0fc9e21bd398644a181ade2cafc2ca4b/elements HTTP/1.1" 200 12</msg>
<msg time="2025-07-17T18:45:14.775237" level="DEBUG">Remote response: status=200 | data={"value":[]} | headers=HTTPHeaderDict({'Content-Length': '12', 'Content-Type': 'application/json; charset=utf-8', 'cache-control': 'no-cache'})</msg>
<msg time="2025-07-17T18:45:14.775340" level="DEBUG">Finished Request</msg>
<msg time="2025-07-17T18:45:14.976167" level="DEBUG">POST http://localhost:33753/session/0fc9e21bd398644a181ade2cafc2ca4b/elements {'using': 'css selector', 'value': '[name="username_in"]'}</msg>
<msg time="2025-07-17T18:45:14.991034" level="DEBUG">http://localhost:33753 "POST /session/0fc9e21bd398644a181ade2cafc2ca4b/elements HTTP/1.1" 200 127</msg>
<msg time="2025-07-17T18:45:14.991690" level="DEBUG">Remote response: status=200 | data={"value":[{"element-6066-11e4-a52e-4f735466cecf":"f.5FFA700C7CFD146F9A3887AAF5D7098E.d.FA2223D1BC65F43B24ED4D03B8C3DEC4.e.3"}]} | headers=HTTPHeaderDict({'Content-Length': '127', 'Content-Type': 'application/json; charset=utf-8', 'cache-control': 'no-cache'})</msg>
<msg time="2025-07-17T18:45:14.991958" level="DEBUG">Finished Request</msg>
<msg time="2025-07-17T18:45:14.992870" level="DEBUG">POST http://localhost:33753/session/0fc9e21bd398644a181ade2cafc2ca4b/execute/sync {'script': '/* isDisplayed */return (function(){return (function(){var g=this||self;\nfunction aa(a){var b=typeof...', 'args': [{'element-6066-11e4-a52e-4f735466cecf': 'f.5FFA700C7CFD146F9A3887AAF5D7098E.d.FA2223D1BC65F43B24ED4D03B8C3DEC4.e.3'}]}</msg>
<msg time="2025-07-17T18:45:15.004645" level="DEBUG">http://localhost:33753 "POST /session/0fc9e21bd398644a181ade2cafc2ca4b/execute/sync HTTP/1.1" 200 14</msg>
<msg time="2025-07-17T18:45:15.005005" level="DEBUG">Remote response: status=200 | data={"value":true} | headers=HTTPHeaderDict({'Content-Length': '14', 'Content-Type': 'application/json; charset=utf-8', 'cache-control': 'no-cache'})</msg>
<msg time="2025-07-17T18:45:15.005114" level="DEBUG">Finished Request</msg>
<msg time="2025-07-17T18:45:15.005218" level="TRACE">Return: None</msg>
<arg>name=username_in</arg>
<doc>Waits until the element ``locator`` is visible.</doc>
<status status="PASS" start="2025-07-17T18:45:14.760243" elapsed="0.245060"/>
</kw>
<kw name="Input Text" owner="SeleniumLibrary">
<msg time="2025-07-17T18:45:15.005976" level="TRACE">Arguments: [ 'name=username_in' | 'admin' ]</msg>
<msg time="2025-07-17T18:45:15.006121" level="INFO">Typing text 'admin' into text field 'name=username_in'.</msg>
<msg time="2025-07-17T18:45:15.006309" level="DEBUG">POST http://localhost:33753/session/0fc9e21bd398644a181ade2cafc2ca4b/elements {'using': 'css selector', 'value': '[name="username_in"]'}</msg>
<msg time="2025-07-17T18:45:15.013205" level="DEBUG">http://localhost:33753 "POST /session/0fc9e21bd398644a181ade2cafc2ca4b/elements HTTP/1.1" 200 127</msg>
<msg time="2025-07-17T18:45:15.013550" level="DEBUG">Remote response: status=200 | data={"value":[{"element-6066-11e4-a52e-4f735466cecf":"f.5FFA700C7CFD146F9A3887AAF5D7098E.d.FA2223D1BC65F43B24ED4D03B8C3DEC4.e.3"}]} | headers=HTTPHeaderDict({'Content-Length': '127', 'Content-Type': 'application/json; charset=utf-8', 'cache-control': 'no-cache'})</msg>
<msg time="2025-07-17T18:45:15.013683" level="DEBUG">Finished Request</msg>
<msg time="2025-07-17T18:45:15.013858" level="DEBUG">POST http://localhost:33753/session/0fc9e21bd398644a181ade2cafc2ca4b/element/f.5FFA700C7CFD146F9A3887AAF5D7098E.d.FA2223D1BC65F43B24ED4D03B8C3DEC4.e.3/clear {}</msg>
<msg time="2025-07-17T18:45:15.062934" level="DEBUG">http://localhost:33753 "POST /session/0fc9e21bd398644a181ade2cafc2ca4b/element/f.5FFA700C7CFD146F9A3887AAF5D7098E.d.FA2223D1BC65F43B24ED4D03B8C3DEC4.e.3/clear HTTP/1.1" 200 14</msg>
<msg time="2025-07-17T18:45:15.063596" level="DEBUG">Remote response: status=200 | data={"value":null} | headers=HTTPHeaderDict({'Content-Length': '14', 'Content-Type': 'application/json; charset=utf-8', 'cache-control': 'no-cache'})</msg>
<msg time="2025-07-17T18:45:15.063850" level="DEBUG">Finished Request</msg>
<msg time="2025-07-17T18:45:15.064223" level="DEBUG">POST http://localhost:33753/session/0fc9e21bd398644a181ade2cafc2ca4b/element/f.5FFA700C7CFD146F9A3887AAF5D7098E.d.FA2223D1BC65F43B24ED4D03B8C3DEC4.e.3/value {'text': 'admin', 'value': ['a', 'd', 'm', 'i', 'n']}</msg>
<msg time="2025-07-17T18:45:15.114426" level="DEBUG">http://localhost:33753 "POST /session/0fc9e21bd398644a181ade2cafc2ca4b/element/f.5FFA700C7CFD146F9A3887AAF5D7098E.d.FA2223D1BC65F43B24ED4D03B8C3DEC4.e.3/value HTTP/1.1" 200 14</msg>
<msg time="2025-07-17T18:45:15.114780" level="DEBUG">Remote response: status=200 | data={"value":null} | headers=HTTPHeaderDict({'Content-Length': '14', 'Content-Type': 'application/json; charset=utf-8', 'cache-control': 'no-cache'})</msg>
<msg time="2025-07-17T18:45:15.114880" level="DEBUG">Finished Request</msg>
<msg time="2025-07-17T18:45:15.114982" level="TRACE">Return: None</msg>
<arg>name=username_in</arg>
<arg>${USERNAME}</arg>
<doc>Types the given ``text`` into the text field identified by ``locator``.</doc>
<status status="PASS" start="2025-07-17T18:45:15.005628" elapsed="0.109425"/>
</kw>
<kw name="Input Text" owner="SeleniumLibrary">
<msg time="2025-07-17T18:45:15.115735" level="TRACE">Arguments: [ 'name=password_in' | 'admin' ]</msg>
<msg time="2025-07-17T18:45:15.115884" level="INFO">Typing text 'admin' into text field 'name=password_in'.</msg>
<msg time="2025-07-17T18:45:15.116071" level="DEBUG">POST http://localhost:33753/session/0fc9e21bd398644a181ade2cafc2ca4b/elements {'using': 'css selector', 'value': '[name="password_in"]'}</msg>
<msg time="2025-07-17T18:45:15.130077" level="DEBUG">http://localhost:33753 "POST /session/0fc9e21bd398644a181ade2cafc2ca4b/elements HTTP/1.1" 200 127</msg>
<msg time="2025-07-17T18:45:15.130743" level="DEBUG">Remote response: status=200 | data={"value":[{"element-6066-11e4-a52e-4f735466cecf":"f.5FFA700C7CFD146F9A3887AAF5D7098E.d.FA2223D1BC65F43B24ED4D03B8C3DEC4.e.4"}]} | headers=HTTPHeaderDict({'Content-Length': '127', 'Content-Type': 'application/json; charset=utf-8', 'cache-control': 'no-cache'})</msg>
<msg time="2025-07-17T18:45:15.130977" level="DEBUG">Finished Request</msg>
<msg time="2025-07-17T18:45:15.131269" level="DEBUG">POST http://localhost:33753/session/0fc9e21bd398644a181ade2cafc2ca4b/element/f.5FFA700C7CFD146F9A3887AAF5D7098E.d.FA2223D1BC65F43B24ED4D03B8C3DEC4.e.4/clear {}</msg>
<msg time="2025-07-17T18:45:15.162347" level="DEBUG">http://localhost:33753 "POST /session/0fc9e21bd398644a181ade2cafc2ca4b/element/f.5FFA700C7CFD146F9A3887AAF5D7098E.d.FA2223D1BC65F43B24ED4D03B8C3DEC4.e.4/clear HTTP/1.1" 200 14</msg>
<msg time="2025-07-17T18:45:15.162699" level="DEBUG">Remote response: status=200 | data={"value":null} | headers=HTTPHeaderDict({'Content-Length': '14', 'Content-Type': 'application/json; charset=utf-8', 'cache-control': 'no-cache'})</msg>
<msg time="2025-07-17T18:45:15.162800" level="DEBUG">Finished Request</msg>
<msg time="2025-07-17T18:45:15.162953" level="DEBUG">POST http://localhost:33753/session/0fc9e21bd398644a181ade2cafc2ca4b/element/f.5FFA700C7CFD146F9A3887AAF5D7098E.d.FA2223D1BC65F43B24ED4D03B8C3DEC4.e.4/value {'text': 'admin', 'value': ['a', 'd', 'm', 'i', 'n']}</msg>
<msg time="2025-07-17T18:45:15.208805" level="DEBUG">http://localhost:33753 "POST /session/0fc9e21bd398644a181ade2cafc2ca4b/element/f.5FFA700C7CFD146F9A3887AAF5D7098E.d.FA2223D1BC65F43B24ED4D03B8C3DEC4.e.4/value HTTP/1.1" 200 14</msg>
<msg time="2025-07-17T18:45:15.209177" level="DEBUG">Remote response: status=200 | data={"value":null} | headers=HTTPHeaderDict({'Content-Length': '14', 'Content-Type': 'application/json; charset=utf-8', 'cache-control': 'no-cache'})</msg>
<msg time="2025-07-17T18:45:15.209278" level="DEBUG">Finished Request</msg>
<msg time="2025-07-17T18:45:15.209382" level="TRACE">Return: None</msg>
<arg>name=password_in</arg>
<arg>${PASSWORD}</arg>
<doc>Types the given ``text`` into the text field identified by ``locator``.</doc>
<status status="PASS" start="2025-07-17T18:45:15.115364" elapsed="0.094090"/>
</kw>
<kw name="Click Button" owner="SeleniumLibrary">
<msg time="2025-07-17T18:45:15.210086" level="TRACE">Arguments: [ 'name=submit' ]</msg>
<msg time="2025-07-17T18:45:15.210227" level="INFO">Clicking button 'name=submit'.</msg>
<msg time="2025-07-17T18:45:15.210475" level="DEBUG">POST http://localhost:33753/session/0fc9e21bd398644a181ade2cafc2ca4b/elements {'using': 'css selector', 'value': '[name="submit"]'}</msg>
<msg time="2025-07-17T18:45:15.222095" level="DEBUG">http://localhost:33753 "POST /session/0fc9e21bd398644a181ade2cafc2ca4b/elements HTTP/1.1" 200 128</msg>
<msg time="2025-07-17T18:45:15.222408" level="DEBUG">Remote response: status=200 | data={"value":[{"element-6066-11e4-a52e-4f735466cecf":"f.5FFA700C7CFD146F9A3887AAF5D7098E.d.FA2223D1BC65F43B24ED4D03B8C3DEC4.e.12"}]} | headers=HTTPHeaderDict({'Content-Length': '128', 'Content-Type': 'application/json; charset=utf-8', 'cache-control': 'no-cache'})</msg>
<msg time="2025-07-17T18:45:15.222506" level="DEBUG">Finished Request</msg>
<msg time="2025-07-17T18:45:15.222655" level="DEBUG">GET http://localhost:33753/session/0fc9e21bd398644a181ade2cafc2ca4b/element/f.5FFA700C7CFD146F9A3887AAF5D7098E.d.FA2223D1BC65F43B24ED4D03B8C3DEC4.e.12/name {}</msg>
<msg time="2025-07-17T18:45:15.226942" level="DEBUG">http://localhost:33753 "GET /session/0fc9e21bd398644a181ade2cafc2ca4b/element/f.5FFA700C7CFD146F9A3887AAF5D7098E.d.FA2223D1BC65F43B24ED4D03B8C3DEC4.e.12/name HTTP/1.1" 200 18</msg>
<msg time="2025-07-17T18:45:15.227201" level="DEBUG">Remote response: status=200 | data={"value":"button"} | headers=HTTPHeaderDict({'Content-Length': '18', 'Content-Type': 'application/json; charset=utf-8', 'cache-control': 'no-cache'})</msg>
<msg time="2025-07-17T18:45:15.227289" level="DEBUG">Finished Request</msg>
<msg time="2025-07-17T18:45:15.227458" level="DEBUG">POST http://localhost:33753/session/0fc9e21bd398644a181ade2cafc2ca4b/elements {'using': 'css selector', 'value': '[name="submit"]'}</msg>
<msg time="2025-07-17T18:45:15.237005" level="DEBUG">http://localhost:33753 "POST /session/0fc9e21bd398644a181ade2cafc2ca4b/elements HTTP/1.1" 200 128</msg>
<msg time="2025-07-17T18:45:15.237290" level="DEBUG">Remote response: status=200 | data={"value":[{"element-6066-11e4-a52e-4f735466cecf":"f.5FFA700C7CFD146F9A3887AAF5D7098E.d.FA2223D1BC65F43B24ED4D03B8C3DEC4.e.12"}]} | headers=HTTPHeaderDict({'Content-Length': '128', 'Content-Type': 'application/json; charset=utf-8', 'cache-control': 'no-cache'})</msg>
<msg time="2025-07-17T18:45:15.237384" level="DEBUG">Finished Request</msg>
<msg time="2025-07-17T18:45:15.237537" level="DEBUG">GET http://localhost:33753/session/0fc9e21bd398644a181ade2cafc2ca4b/element/f.5FFA700C7CFD146F9A3887AAF5D7098E.d.FA2223D1BC65F43B24ED4D03B8C3DEC4.e.12/name {}</msg>
<msg time="2025-07-17T18:45:15.241766" level="DEBUG">http://localhost:33753 "GET /session/0fc9e21bd398644a181ade2cafc2ca4b/element/f.5FFA700C7CFD146F9A3887AAF5D7098E.d.FA2223D1BC65F43B24ED4D03B8C3DEC4.e.12/name HTTP/1.1" 200 18</msg>
<msg time="2025-07-17T18:45:15.242019" level="DEBUG">Remote response: status=200 | data={"value":"button"} | headers=HTTPHeaderDict({'Content-Length': '18', 'Content-Type': 'application/json; charset=utf-8', 'cache-control': 'no-cache'})</msg>
<msg time="2025-07-17T18:45:15.242108" level="DEBUG">Finished Request</msg>
<msg time="2025-07-17T18:45:15.242229" level="DEBUG">POST http://localhost:33753/session/0fc9e21bd398644a181ade2cafc2ca4b/element/f.5FFA700C7CFD146F9A3887AAF5D7098E.d.FA2223D1BC65F43B24ED4D03B8C3DEC4.e.12/click {}</msg>
<msg time="2025-07-17T18:45:16.339741" level="DEBUG">http://localhost:33753 "POST /session/0fc9e21bd398644a181ade2cafc2ca4b/element/f.5FFA700C7CFD146F9A3887AAF5D7098E.d.FA2223D1BC65F43B24ED4D03B8C3DEC4.e.12/click HTTP/1.1" 200 14</msg>
<msg time="2025-07-17T18:45:16.340089" level="DEBUG">Remote response: status=200 | data={"value":null} | headers=HTTPHeaderDict({'Content-Length': '14', 'Content-Type': 'application/json; charset=utf-8', 'cache-control': 'no-cache'})</msg>
<msg time="2025-07-17T18:45:16.340186" level="DEBUG">Finished Request</msg>
<msg time="2025-07-17T18:45:16.340281" level="TRACE">Return: None</msg>
<arg>name=submit</arg>
<doc>Clicks the button identified by ``locator``.</doc>
<status status="PASS" start="2025-07-17T18:45:15.209816" elapsed="1.130533"/>
</kw>
<kw name="Sleep" owner="BuiltIn">
<msg time="2025-07-17T18:45:16.340867" level="TRACE">Arguments: [ '5s' ]</msg>
<msg time="2025-07-17T18:45:21.341277" level="INFO">Slept 5 seconds.</msg>
<msg time="2025-07-17T18:45:21.341678" level="TRACE">Return: None</msg>
<arg>5s</arg>
<doc>Pauses the test executed for the given time.</doc>
<status status="PASS" start="2025-07-17T18:45:16.340677" elapsed="5.001198"/>
</kw>
<msg time="2025-07-17T18:45:21.342211" level="TRACE">Return: None</msg>
<arg>${BROWSER}</arg>
<arg>${URL}</arg>
<arg>${USERNAME}</arg>
<arg>${PASSWORD}</arg>
<status status="PASS" start="2025-07-17T18:45:13.059010" elapsed="8.283349"/>
</kw>
<kw name="Create Rule">
<msg time="2025-07-17T18:45:21.344455" level="TRACE">Arguments: [  ]</msg>
<kw name="Open Menu And Go To Page" owner="keyword">
<msg time="2025-07-17T18:45:21.346097" level="TRACE">Arguments: [ ${menu_label}='advanced' | ${page_label}='port-forwarding' ]</msg>
<kw name="Click Element" owner="SeleniumLibrary">
<msg time="2025-07-17T18:45:21.347252" level="TRACE">Arguments: [ 'class=hamburger' ]</msg>
<msg time="2025-07-17T18:45:21.347536" level="INFO">Clicking element 'class=hamburger'.</msg>
<msg time="2025-07-17T18:45:21.347962" level="DEBUG">POST http://localhost:33753/session/0fc9e21bd398644a181ade2cafc2ca4b/elements {'using': 'css selector', 'value': '.hamburger'}</msg>
<msg time="2025-07-17T18:45:21.371893" level="DEBUG">http://localhost:33753 "POST /session/0fc9e21bd398644a181ade2cafc2ca4b/elements HTTP/1.1" 200 128</msg>
<msg time="2025-07-17T18:45:21.372168" level="DEBUG">Remote response: status=200 | data={"value":[{"element-6066-11e4-a52e-4f735466cecf":"f.5FFA700C7CFD146F9A3887AAF5D7098E.d.FA2223D1BC65F43B24ED4D03B8C3DEC4.e.22"}]} | headers=HTTPHeaderDict({'Content-Length': '128', 'Content-Type': 'application/json; charset=utf-8', 'cache-control': 'no-cache'})</msg>
<msg time="2025-07-17T18:45:21.372255" level="DEBUG">Finished Request</msg>
<msg time="2025-07-17T18:45:21.372379" level="DEBUG">POST http://localhost:33753/session/0fc9e21bd398644a181ade2cafc2ca4b/element/f.5FFA700C7CFD146F9A3887AAF5D7098E.d.FA2223D1BC65F43B24ED4D03B8C3DEC4.e.22/click {}</msg>
<msg time="2025-07-17T18:45:21.443709" level="DEBUG">http://localhost:33753 "POST /session/0fc9e21bd398644a181ade2cafc2ca4b/element/f.5FFA700C7CFD146F9A3887AAF5D7098E.d.FA2223D1BC65F43B24ED4D03B8C3DEC4.e.22/click HTTP/1.1" 200 14</msg>
<msg time="2025-07-17T18:45:21.444145" level="DEBUG">Remote response: status=200 | data={"value":null} | headers=HTTPHeaderDict({'Content-Length': '14', 'Content-Type': 'application/json; charset=utf-8', 'cache-control': 'no-cache'})</msg>
<msg time="2025-07-17T18:45:21.444297" level="DEBUG">Finished Request</msg>
<msg time="2025-07-17T18:45:21.444430" level="TRACE">Return: None</msg>
<arg>class=hamburger</arg>
<doc>Click the element identified by ``locator``.</doc>
<status status="PASS" start="2025-07-17T18:45:21.346789" elapsed="0.097740"/>
</kw>
<kw name="Wait Until Element Is Visible" owner="SeleniumLibrary">
<msg time="2025-07-17T18:45:21.445539" level="TRACE">Arguments: [ 'css:span.nav__link__label[data-args="advanced"]' ]</msg>
<msg time="2025-07-17T18:45:21.445943" level="DEBUG">POST http://localhost:33753/session/0fc9e21bd398644a181ade2cafc2ca4b/elements {'using': 'css selector', 'value': 'span.nav__link__label[data-args="advanced"]'}</msg>
<msg time="2025-07-17T18:45:21.457778" level="DEBUG">http://localhost:33753 "POST /session/0fc9e21bd398644a181ade2cafc2ca4b/elements HTTP/1.1" 200 128</msg>
<msg time="2025-07-17T18:45:21.458225" level="DEBUG">Remote response: status=200 | data={"value":[{"element-6066-11e4-a52e-4f735466cecf":"f.5FFA700C7CFD146F9A3887AAF5D7098E.d.FA2223D1BC65F43B24ED4D03B8C3DEC4.e.23"}]} | headers=HTTPHeaderDict({'Content-Length': '128', 'Content-Type': 'application/json; charset=utf-8', 'cache-control': 'no-cache'})</msg>
<msg time="2025-07-17T18:45:21.458382" level="DEBUG">Finished Request</msg>
<msg time="2025-07-17T18:45:21.458751" level="DEBUG">POST http://localhost:33753/session/0fc9e21bd398644a181ade2cafc2ca4b/execute/sync {'script': '/* isDisplayed */return (function(){return (function(){var g=this||self;\nfunction aa(a){var b=typeof...', 'args': [{'element-6066-11e4-a52e-4f735466cecf': 'f.5FFA700C7CFD146F9A3887AAF5D7098E.d.FA2223D1BC65F43B24ED4D03B8C3DEC4.e.23'}]}</msg>
<msg time="2025-07-17T18:45:21.467295" level="DEBUG">http://localhost:33753 "POST /session/0fc9e21bd398644a181ade2cafc2ca4b/execute/sync HTTP/1.1" 200 15</msg>
<msg time="2025-07-17T18:45:21.467730" level="DEBUG">Remote response: status=200 | data={"value":false} | headers=HTTPHeaderDict({'Content-Length': '15', 'Content-Type': 'application/json; charset=utf-8', 'cache-control': 'no-cache'})</msg>
<msg time="2025-07-17T18:45:21.467914" level="DEBUG">Finished Request</msg>
<msg time="2025-07-17T18:45:21.668786" level="DEBUG">POST http://localhost:33753/session/0fc9e21bd398644a181ade2cafc2ca4b/elements {'using': 'css selector', 'value': 'span.nav__link__label[data-args="advanced"]'}</msg>
<msg time="2025-07-17T18:45:21.683427" level="DEBUG">http://localhost:33753 "POST /session/0fc9e21bd398644a181ade2cafc2ca4b/elements HTTP/1.1" 200 128</msg>
<msg time="2025-07-17T18:45:21.683753" level="DEBUG">Remote response: status=200 | data={"value":[{"element-6066-11e4-a52e-4f735466cecf":"f.5FFA700C7CFD146F9A3887AAF5D7098E.d.FA2223D1BC65F43B24ED4D03B8C3DEC4.e.23"}]} | headers=HTTPHeaderDict({'Content-Length': '128', 'Content-Type': 'application/json; charset=utf-8', 'cache-control': 'no-cache'})</msg>
<msg time="2025-07-17T18:45:21.683854" level="DEBUG">Finished Request</msg>
<msg time="2025-07-17T18:45:21.684091" level="DEBUG">POST http://localhost:33753/session/0fc9e21bd398644a181ade2cafc2ca4b/execute/sync {'script': '/* isDisplayed */return (function(){return (function(){var g=this||self;\nfunction aa(a){var b=typeof...', 'args': [{'element-6066-11e4-a52e-4f735466cecf': 'f.5FFA700C7CFD146F9A3887AAF5D7098E.d.FA2223D1BC65F43B24ED4D03B8C3DEC4.e.23'}]}</msg>
<msg time="2025-07-17T18:45:21.692771" level="DEBUG">http://localhost:33753 "POST /session/0fc9e21bd398644a181ade2cafc2ca4b/execute/sync HTTP/1.1" 200 14</msg>
<msg time="2025-07-17T18:45:21.693098" level="DEBUG">Remote response: status=200 | data={"value":true} | headers=HTTPHeaderDict({'Content-Length': '14', 'Content-Type': 'application/json; charset=utf-8', 'cache-control': 'no-cache'})</msg>
<msg time="2025-07-17T18:45:21.693200" level="DEBUG">Finished Request</msg>
<msg time="2025-07-17T18:45:21.693302" level="TRACE">Return: None</msg>
<arg>css:span.nav__link__label[data-args="${menu_label}"]</arg>
<doc>Waits until the element ``locator`` is visible.</doc>
<status status="PASS" start="2025-07-17T18:45:21.445023" elapsed="0.248352"/>
</kw>
<kw name="Click Element" owner="SeleniumLibrary">
<msg time="2025-07-17T18:45:21.694090" level="TRACE">Arguments: [ 'css:span.nav__link__label[data-args="advanced"]' ]</msg>
<msg time="2025-07-17T18:45:21.694228" level="INFO">Clicking element 'css:span.nav__link__label[data-args="advanced"]'.</msg>
<msg time="2025-07-17T18:45:21.694406" level="DEBUG">POST http://localhost:33753/session/0fc9e21bd398644a181ade2cafc2ca4b/elements {'using': 'css selector', 'value': 'span.nav__link__label[data-args="advanced"]'}</msg>
<msg time="2025-07-17T18:45:21.706895" level="DEBUG">http://localhost:33753 "POST /session/0fc9e21bd398644a181ade2cafc2ca4b/elements HTTP/1.1" 200 128</msg>
<msg time="2025-07-17T18:45:21.707275" level="DEBUG">Remote response: status=200 | data={"value":[{"element-6066-11e4-a52e-4f735466cecf":"f.5FFA700C7CFD146F9A3887AAF5D7098E.d.FA2223D1BC65F43B24ED4D03B8C3DEC4.e.23"}]} | headers=HTTPHeaderDict({'Content-Length': '128', 'Content-Type': 'application/json; charset=utf-8', 'cache-control': 'no-cache'})</msg>
<msg time="2025-07-17T18:45:21.707421" level="DEBUG">Finished Request</msg>
<msg time="2025-07-17T18:45:21.707617" level="DEBUG">POST http://localhost:33753/session/0fc9e21bd398644a181ade2cafc2ca4b/element/f.5FFA700C7CFD146F9A3887AAF5D7098E.d.FA2223D1BC65F43B24ED4D03B8C3DEC4.e.23/click {}</msg>
<msg time="2025-07-17T18:45:21.780480" level="DEBUG">http://localhost:33753 "POST /session/0fc9e21bd398644a181ade2cafc2ca4b/element/f.5FFA700C7CFD146F9A3887AAF5D7098E.d.FA2223D1BC65F43B24ED4D03B8C3DEC4.e.23/click HTTP/1.1" 200 14</msg>
<msg time="2025-07-17T18:45:21.780860" level="DEBUG">Remote response: status=200 | data={"value":null} | headers=HTTPHeaderDict({'Content-Length': '14', 'Content-Type': 'application/json; charset=utf-8', 'cache-control': 'no-cache'})</msg>
<msg time="2025-07-17T18:45:21.780965" level="DEBUG">Finished Request</msg>
<msg time="2025-07-17T18:45:21.781063" level="TRACE">Return: None</msg>
<arg>css:span.nav__link__label[data-args="${menu_label}"]</arg>
<doc>Click the element identified by ``locator``.</doc>
<status status="PASS" start="2025-07-17T18:45:21.693717" elapsed="0.087421"/>
</kw>
<kw name="Wait Until Element Is Visible" owner="SeleniumLibrary">
<msg time="2025-07-17T18:45:21.781817" level="TRACE">Arguments: [ 'css:span.nav__link__label[data-args="port-forwarding"]' ]</msg>
<msg time="2025-07-17T18:45:21.782126" level="DEBUG">POST http://localhost:33753/session/0fc9e21bd398644a181ade2cafc2ca4b/elements {'using': 'css selector', 'value': 'span.nav__link__label[data-args="port-forwarding"]'}</msg>
<msg time="2025-07-17T18:45:21.797608" level="DEBUG">http://localhost:33753 "POST /session/0fc9e21bd398644a181ade2cafc2ca4b/elements HTTP/1.1" 200 128</msg>
<msg time="2025-07-17T18:45:21.797946" level="DEBUG">Remote response: status=200 | data={"value":[{"element-6066-11e4-a52e-4f735466cecf":"f.5FFA700C7CFD146F9A3887AAF5D7098E.d.FA2223D1BC65F43B24ED4D03B8C3DEC4.e.32"}]} | headers=HTTPHeaderDict({'Content-Length': '128', 'Content-Type': 'application/json; charset=utf-8', 'cache-control': 'no-cache'})</msg>
<msg time="2025-07-17T18:45:21.798044" level="DEBUG">Finished Request</msg>
<msg time="2025-07-17T18:45:21.798293" level="DEBUG">POST http://localhost:33753/session/0fc9e21bd398644a181ade2cafc2ca4b/execute/sync {'script': '/* isDisplayed */return (function(){return (function(){var g=this||self;\nfunction aa(a){var b=typeof...', 'args': [{'element-6066-11e4-a52e-4f735466cecf': 'f.5FFA700C7CFD146F9A3887AAF5D7098E.d.FA2223D1BC65F43B24ED4D03B8C3DEC4.e.32'}]}</msg>
<msg time="2025-07-17T18:45:21.808036" level="DEBUG">http://localhost:33753 "POST /session/0fc9e21bd398644a181ade2cafc2ca4b/execute/sync HTTP/1.1" 200 14</msg>
<msg time="2025-07-17T18:45:21.808338" level="DEBUG">Remote response: status=200 | data={"value":true} | headers=HTTPHeaderDict({'Content-Length': '14', 'Content-Type': 'application/json; charset=utf-8', 'cache-control': 'no-cache'})</msg>
<msg time="2025-07-17T18:45:21.808431" level="DEBUG">Finished Request</msg>
<msg time="2025-07-17T18:45:21.808532" level="TRACE">Return: None</msg>
<arg>css:span.nav__link__label[data-args="${page_label}"]</arg>
<doc>Waits until the element ``locator`` is visible.</doc>
<status status="PASS" start="2025-07-17T18:45:21.781446" elapsed="0.027155"/>
</kw>
<kw name="Click Element" owner="SeleniumLibrary">
<msg time="2025-07-17T18:45:21.809361" level="TRACE">Arguments: [ 'css:span.nav__link__label[data-args="port-forwarding"]' ]</msg>
<msg time="2025-07-17T18:45:21.809521" level="INFO">Clicking element 'css:span.nav__link__label[data-args="port-forwarding"]'.</msg>
<msg time="2025-07-17T18:45:21.809723" level="DEBUG">POST http://localhost:33753/session/0fc9e21bd398644a181ade2cafc2ca4b/elements {'using': 'css selector', 'value': 'span.nav__link__label[data-args="port-forwarding"]'}</msg>
<msg time="2025-07-17T18:45:21.817017" level="DEBUG">http://localhost:33753 "POST /session/0fc9e21bd398644a181ade2cafc2ca4b/elements HTTP/1.1" 200 128</msg>
<msg time="2025-07-17T18:45:21.817284" level="DEBUG">Remote response: status=200 | data={"value":[{"element-6066-11e4-a52e-4f735466cecf":"f.5FFA700C7CFD146F9A3887AAF5D7098E.d.FA2223D1BC65F43B24ED4D03B8C3DEC4.e.32"}]} | headers=HTTPHeaderDict({'Content-Length': '128', 'Content-Type': 'application/json; charset=utf-8', 'cache-control': 'no-cache'})</msg>
<msg time="2025-07-17T18:45:21.817380" level="DEBUG">Finished Request</msg>
<msg time="2025-07-17T18:45:21.817537" level="DEBUG">POST http://localhost:33753/session/0fc9e21bd398644a181ade2cafc2ca4b/element/f.5FFA700C7CFD146F9A3887AAF5D7098E.d.FA2223D1BC65F43B24ED4D03B8C3DEC4.e.32/click {}</msg>
<msg time="2025-07-17T18:45:21.874209" level="DEBUG">http://localhost:33753 "POST /session/0fc9e21bd398644a181ade2cafc2ca4b/element/f.5FFA700C7CFD146F9A3887AAF5D7098E.d.FA2223D1BC65F43B24ED4D03B8C3DEC4.e.32/click HTTP/1.1" 200 14</msg>
<msg time="2025-07-17T18:45:21.874554" level="DEBUG">Remote response: status=200 | data={"value":null} | headers=HTTPHeaderDict({'Content-Length': '14', 'Content-Type': 'application/json; charset=utf-8', 'cache-control': 'no-cache'})</msg>
<msg time="2025-07-17T18:45:21.874655" level="DEBUG">Finished Request</msg>
<msg time="2025-07-17T18:45:21.874747" level="TRACE">Return: None</msg>
<arg>css:span.nav__link__label[data-args="${page_label}"]</arg>
<doc>Click the element identified by ``locator``.</doc>
<status status="PASS" start="2025-07-17T18:45:21.808991" elapsed="0.065826"/>
</kw>
<kw name="Wait Until Element Is Visible" owner="SeleniumLibrary">
<msg time="2025-07-17T18:45:21.875486" level="TRACE">Arguments: [ 'xpath=//li[contains(@data-value, "advanced")]//a[contains(@class, "nav__sublink active")]//span[contains(@data-args, "port-forwarding")]' ]</msg>
<msg time="2025-07-17T18:45:21.875795" level="DEBUG">POST http://localhost:33753/session/0fc9e21bd398644a181ade2cafc2ca4b/elements {'using': 'xpath', 'value': '//li[contains(@data-value, "advanced")]//a[contains(@class, "nav__sublink active")]//span[contains(@...'}</msg>
<msg time="2025-07-17T18:45:21.890134" level="DEBUG">http://localhost:33753 "POST /session/0fc9e21bd398644a181ade2cafc2ca4b/elements HTTP/1.1" 200 128</msg>
<msg time="2025-07-17T18:45:21.890491" level="DEBUG">Remote response: status=200 | data={"value":[{"element-6066-11e4-a52e-4f735466cecf":"f.5FFA700C7CFD146F9A3887AAF5D7098E.d.FA2223D1BC65F43B24ED4D03B8C3DEC4.e.32"}]} | headers=HTTPHeaderDict({'Content-Length': '128', 'Content-Type': 'application/json; charset=utf-8', 'cache-control': 'no-cache'})</msg>
<msg time="2025-07-17T18:45:21.890626" level="DEBUG">Finished Request</msg>
<msg time="2025-07-17T18:45:21.890875" level="DEBUG">POST http://localhost:33753/session/0fc9e21bd398644a181ade2cafc2ca4b/execute/sync {'script': '/* isDisplayed */return (function(){return (function(){var g=this||self;\nfunction aa(a){var b=typeof...', 'args': [{'element-6066-11e4-a52e-4f735466cecf': 'f.5FFA700C7CFD146F9A3887AAF5D7098E.d.FA2223D1BC65F43B24ED4D03B8C3DEC4.e.32'}]}</msg>
<msg time="2025-07-17T18:45:21.897723" level="DEBUG">http://localhost:33753 "POST /session/0fc9e21bd398644a181ade2cafc2ca4b/execute/sync HTTP/1.1" 200 14</msg>
<msg time="2025-07-17T18:45:21.898019" level="DEBUG">Remote response: status=200 | data={"value":true} | headers=HTTPHeaderDict({'Content-Length': '14', 'Content-Type': 'application/json; charset=utf-8', 'cache-control': 'no-cache'})</msg>
<msg time="2025-07-17T18:45:21.898115" level="DEBUG">Finished Request</msg>
<msg time="2025-07-17T18:45:21.898213" level="TRACE">Return: None</msg>
<arg>xpath=//li[contains(@data-value, "${menu_label}")]//a[contains(@class, "nav__sublink active")]//span[contains(@data-args, "${page_label}")]</arg>
<doc>Waits until the element ``locator`` is visible.</doc>
<status status="PASS" start="2025-07-17T18:45:21.875112" elapsed="0.023169"/>
</kw>
<msg time="2025-07-17T18:45:21.898426" level="TRACE">Return: None</msg>
<arg>advanced</arg>
<arg>port-forwarding</arg>
<status status="PASS" start="2025-07-17T18:45:21.345092" elapsed="0.553381"/>
</kw>
<kw name="Wait Until Element Is Visible" owner="SeleniumLibrary">
<msg time="2025-07-17T18:45:21.898993" level="TRACE">Arguments: [ "xpath=//h1[contains(@class, 'page__title') and contains(text(), 'Port Forwarding')]" ]</msg>
<msg time="2025-07-17T18:45:21.899275" level="DEBUG">POST http://localhost:33753/session/0fc9e21bd398644a181ade2cafc2ca4b/elements {'using': 'xpath', 'value': "//h1[contains(@class, 'page__title') and contains(text(), 'Port Forwarding')]"}</msg>
<msg time="2025-07-17T18:45:21.912672" level="DEBUG">http://localhost:33753 "POST /session/0fc9e21bd398644a181ade2cafc2ca4b/elements HTTP/1.1" 200 12</msg>
<msg time="2025-07-17T18:45:21.913006" level="DEBUG">Remote response: status=200 | data={"value":[]} | headers=HTTPHeaderDict({'Content-Length': '12', 'Content-Type': 'application/json; charset=utf-8', 'cache-control': 'no-cache'})</msg>
<msg time="2025-07-17T18:45:21.913107" level="DEBUG">Finished Request</msg>
<msg time="2025-07-17T18:45:22.113915" level="DEBUG">POST http://localhost:33753/session/0fc9e21bd398644a181ade2cafc2ca4b/elements {'using': 'xpath', 'value': "//h1[contains(@class, 'page__title') and contains(text(), 'Port Forwarding')]"}</msg>
<msg time="2025-07-17T18:45:22.121183" level="DEBUG">http://localhost:33753 "POST /session/0fc9e21bd398644a181ade2cafc2ca4b/elements HTTP/1.1" 200 128</msg>
<msg time="2025-07-17T18:45:22.121511" level="DEBUG">Remote response: status=200 | data={"value":[{"element-6066-11e4-a52e-4f735466cecf":"f.5FFA700C7CFD146F9A3887AAF5D7098E.d.FA2223D1BC65F43B24ED4D03B8C3DEC4.e.34"}]} | headers=HTTPHeaderDict({'Content-Length': '128', 'Content-Type': 'application/json; charset=utf-8', 'cache-control': 'no-cache'})</msg>
<msg time="2025-07-17T18:45:22.121619" level="DEBUG">Finished Request</msg>
<msg time="2025-07-17T18:45:22.121855" level="DEBUG">POST http://localhost:33753/session/0fc9e21bd398644a181ade2cafc2ca4b/execute/sync {'script': '/* isDisplayed */return (function(){return (function(){var g=this||self;\nfunction aa(a){var b=typeof...', 'args': [{'element-6066-11e4-a52e-4f735466cecf': 'f.5FFA700C7CFD146F9A3887AAF5D7098E.d.FA2223D1BC65F43B24ED4D03B8C3DEC4.e.34'}]}</msg>
<msg time="2025-07-17T18:45:22.126571" level="DEBUG">http://localhost:33753 "POST /session/0fc9e21bd398644a181ade2cafc2ca4b/execute/sync HTTP/1.1" 200 14</msg>
<msg time="2025-07-17T18:45:22.126802" level="DEBUG">Remote response: status=200 | data={"value":true} | headers=HTTPHeaderDict({'Content-Length': '14', 'Content-Type': 'application/json; charset=utf-8', 'cache-control': 'no-cache'})</msg>
<msg time="2025-07-17T18:45:22.126885" level="DEBUG">Finished Request</msg>
<msg time="2025-07-17T18:45:22.126973" level="TRACE">Return: None</msg>
<arg>xpath=//h1[contains(@class, 'page__title') and contains(text(), 'Port Forwarding')]</arg>
<doc>Waits until the element ``locator`` is visible.</doc>
<status status="PASS" start="2025-07-17T18:45:21.898737" elapsed="0.228300"/>
</kw>
<kw name="Click Button" owner="SeleniumLibrary">
<msg time="2025-07-17T18:45:22.127553" level="TRACE">Arguments: [ 'id=btnAddRule' ]</msg>
<msg time="2025-07-17T18:45:22.127666" level="INFO">Clicking button 'id=btnAddRule'.</msg>
<msg time="2025-07-17T18:45:22.127823" level="DEBUG">POST http://localhost:33753/session/0fc9e21bd398644a181ade2cafc2ca4b/elements {'using': 'css selector', 'value': '[id="btnAddRule"]'}</msg>
<msg time="2025-07-17T18:45:22.136513" level="DEBUG">http://localhost:33753 "POST /session/0fc9e21bd398644a181ade2cafc2ca4b/elements HTTP/1.1" 200 128</msg>
<msg time="2025-07-17T18:45:22.136855" level="DEBUG">Remote response: status=200 | data={"value":[{"element-6066-11e4-a52e-4f735466cecf":"f.5FFA700C7CFD146F9A3887AAF5D7098E.d.FA2223D1BC65F43B24ED4D03B8C3DEC4.e.35"}]} | headers=HTTPHeaderDict({'Content-Length': '128', 'Content-Type': 'application/json; charset=utf-8', 'cache-control': 'no-cache'})</msg>
<msg time="2025-07-17T18:45:22.137009" level="DEBUG">Finished Request</msg>
<msg time="2025-07-17T18:45:22.137174" level="DEBUG">GET http://localhost:33753/session/0fc9e21bd398644a181ade2cafc2ca4b/element/f.5FFA700C7CFD146F9A3887AAF5D7098E.d.FA2223D1BC65F43B24ED4D03B8C3DEC4.e.35/name {}</msg>
<msg time="2025-07-17T18:45:22.140832" level="DEBUG">http://localhost:33753 "GET /session/0fc9e21bd398644a181ade2cafc2ca4b/element/f.5FFA700C7CFD146F9A3887AAF5D7098E.d.FA2223D1BC65F43B24ED4D03B8C3DEC4.e.35/name HTTP/1.1" 200 18</msg>
<msg time="2025-07-17T18:45:22.141057" level="DEBUG">Remote response: status=200 | data={"value":"button"} | headers=HTTPHeaderDict({'Content-Length': '18', 'Content-Type': 'application/json; charset=utf-8', 'cache-control': 'no-cache'})</msg>
<msg time="2025-07-17T18:45:22.141144" level="DEBUG">Finished Request</msg>
<msg time="2025-07-17T18:45:22.141303" level="DEBUG">POST http://localhost:33753/session/0fc9e21bd398644a181ade2cafc2ca4b/elements {'using': 'css selector', 'value': '[id="btnAddRule"]'}</msg>
<msg time="2025-07-17T18:45:22.146425" level="DEBUG">http://localhost:33753 "POST /session/0fc9e21bd398644a181ade2cafc2ca4b/elements HTTP/1.1" 200 128</msg>
<msg time="2025-07-17T18:45:22.146635" level="DEBUG">Remote response: status=200 | data={"value":[{"element-6066-11e4-a52e-4f735466cecf":"f.5FFA700C7CFD146F9A3887AAF5D7098E.d.FA2223D1BC65F43B24ED4D03B8C3DEC4.e.35"}]} | headers=HTTPHeaderDict({'Content-Length': '128', 'Content-Type': 'application/json; charset=utf-8', 'cache-control': 'no-cache'})</msg>
<msg time="2025-07-17T18:45:22.146721" level="DEBUG">Finished Request</msg>
<msg time="2025-07-17T18:45:22.146836" level="DEBUG">GET http://localhost:33753/session/0fc9e21bd398644a181ade2cafc2ca4b/element/f.5FFA700C7CFD146F9A3887AAF5D7098E.d.FA2223D1BC65F43B24ED4D03B8C3DEC4.e.35/name {}</msg>
<msg time="2025-07-17T18:45:22.149963" level="DEBUG">http://localhost:33753 "GET /session/0fc9e21bd398644a181ade2cafc2ca4b/element/f.5FFA700C7CFD146F9A3887AAF5D7098E.d.FA2223D1BC65F43B24ED4D03B8C3DEC4.e.35/name HTTP/1.1" 200 18</msg>
<msg time="2025-07-17T18:45:22.150178" level="DEBUG">Remote response: status=200 | data={"value":"button"} | headers=HTTPHeaderDict({'Content-Length': '18', 'Content-Type': 'application/json; charset=utf-8', 'cache-control': 'no-cache'})</msg>
<msg time="2025-07-17T18:45:22.150265" level="DEBUG">Finished Request</msg>
<msg time="2025-07-17T18:45:22.150378" level="DEBUG">POST http://localhost:33753/session/0fc9e21bd398644a181ade2cafc2ca4b/element/f.5FFA700C7CFD146F9A3887AAF5D7098E.d.FA2223D1BC65F43B24ED4D03B8C3DEC4.e.35/click {}</msg>
<msg time="2025-07-17T18:45:22.205547" level="DEBUG">http://localhost:33753 "POST /session/0fc9e21bd398644a181ade2cafc2ca4b/element/f.5FFA700C7CFD146F9A3887AAF5D7098E.d.FA2223D1BC65F43B24ED4D03B8C3DEC4.e.35/click HTTP/1.1" 200 14</msg>
<msg time="2025-07-17T18:45:22.205882" level="DEBUG">Remote response: status=200 | data={"value":null} | headers=HTTPHeaderDict({'Content-Length': '14', 'Content-Type': 'application/json; charset=utf-8', 'cache-control': 'no-cache'})</msg>
<msg time="2025-07-17T18:45:22.205976" level="DEBUG">Finished Request</msg>
<msg time="2025-07-17T18:45:22.206071" level="TRACE">Return: None</msg>
<arg>id=btnAddRule</arg>
<doc>Clicks the button identified by ``locator``.</doc>
<status status="PASS" start="2025-07-17T18:45:22.127315" elapsed="0.078824"/>
</kw>
<kw name="Wait Until Element Is Visible" owner="SeleniumLibrary">
<msg time="2025-07-17T18:45:22.206695" level="TRACE">Arguments: [ "xpath=//div[contains(@name, 'add_rule')]//h1[contains(@id, 'action_title')]" ]</msg>
<msg time="2025-07-17T18:45:22.206989" level="DEBUG">POST http://localhost:33753/session/0fc9e21bd398644a181ade2cafc2ca4b/elements {'using': 'xpath', 'value': "//div[contains(@name, 'add_rule')]//h1[contains(@id, 'action_title')]"}</msg>
<msg time="2025-07-17T18:45:22.216935" level="DEBUG">http://localhost:33753 "POST /session/0fc9e21bd398644a181ade2cafc2ca4b/elements HTTP/1.1" 200 12</msg>
<msg time="2025-07-17T18:45:22.217378" level="DEBUG">Remote response: status=200 | data={"value":[]} | headers=HTTPHeaderDict({'Content-Length': '12', 'Content-Type': 'application/json; charset=utf-8', 'cache-control': 'no-cache'})</msg>
<msg time="2025-07-17T18:45:22.217476" level="DEBUG">Finished Request</msg>
<msg time="2025-07-17T18:45:22.418072" level="DEBUG">POST http://localhost:33753/session/0fc9e21bd398644a181ade2cafc2ca4b/elements {'using': 'xpath', 'value': "//div[contains(@name, 'add_rule')]//h1[contains(@id, 'action_title')]"}</msg>
<msg time="2025-07-17T18:45:22.424763" level="DEBUG">http://localhost:33753 "POST /session/0fc9e21bd398644a181ade2cafc2ca4b/elements HTTP/1.1" 200 128</msg>
<msg time="2025-07-17T18:45:22.425067" level="DEBUG">Remote response: status=200 | data={"value":[{"element-6066-11e4-a52e-4f735466cecf":"f.5FFA700C7CFD146F9A3887AAF5D7098E.d.FA2223D1BC65F43B24ED4D03B8C3DEC4.e.55"}]} | headers=HTTPHeaderDict({'Content-Length': '128', 'Content-Type': 'application/json; charset=utf-8', 'cache-control': 'no-cache'})</msg>
<msg time="2025-07-17T18:45:22.425162" level="DEBUG">Finished Request</msg>
<msg time="2025-07-17T18:45:22.425392" level="DEBUG">POST http://localhost:33753/session/0fc9e21bd398644a181ade2cafc2ca4b/execute/sync {'script': '/* isDisplayed */return (function(){return (function(){var g=this||self;\nfunction aa(a){var b=typeof...', 'args': [{'element-6066-11e4-a52e-4f735466cecf': 'f.5FFA700C7CFD146F9A3887AAF5D7098E.d.FA2223D1BC65F43B24ED4D03B8C3DEC4.e.55'}]}</msg>
<msg time="2025-07-17T18:45:22.430202" level="DEBUG">http://localhost:33753 "POST /session/0fc9e21bd398644a181ade2cafc2ca4b/execute/sync HTTP/1.1" 200 14</msg>
<msg time="2025-07-17T18:45:22.430449" level="DEBUG">Remote response: status=200 | data={"value":true} | headers=HTTPHeaderDict({'Content-Length': '14', 'Content-Type': 'application/json; charset=utf-8', 'cache-control': 'no-cache'})</msg>
<msg time="2025-07-17T18:45:22.430536" level="DEBUG">Finished Request</msg>
<msg time="2025-07-17T18:45:22.430631" level="TRACE">Return: None</msg>
<arg>xpath=//div[contains(@name, 'add_rule')]//h1[contains(@id, 'action_title')]</arg>
<doc>Waits until the element ``locator`` is visible.</doc>
<status status="PASS" start="2025-07-17T18:45:22.206439" elapsed="0.224259"/>
</kw>
<kw name="Input Text" owner="SeleniumLibrary">
<msg time="2025-07-17T18:45:22.431312" level="TRACE">Arguments: [ "xpath=//input[contains(@id, 'name_rule')]" | 'testqqq' ]</msg>
<msg time="2025-07-17T18:45:22.431441" level="INFO">Typing text 'testqqq' into text field 'xpath=//input[contains(@id, 'name_rule')]'.</msg>
<msg time="2025-07-17T18:45:22.431598" level="DEBUG">POST http://localhost:33753/session/0fc9e21bd398644a181ade2cafc2ca4b/elements {'using': 'xpath', 'value': "//input[contains(@id, 'name_rule')]"}</msg>
<msg time="2025-07-17T18:45:22.440744" level="DEBUG">http://localhost:33753 "POST /session/0fc9e21bd398644a181ade2cafc2ca4b/elements HTTP/1.1" 200 128</msg>
<msg time="2025-07-17T18:45:22.440997" level="DEBUG">Remote response: status=200 | data={"value":[{"element-6066-11e4-a52e-4f735466cecf":"f.5FFA700C7CFD146F9A3887AAF5D7098E.d.FA2223D1BC65F43B24ED4D03B8C3DEC4.e.38"}]} | headers=HTTPHeaderDict({'Content-Length': '128', 'Content-Type': 'application/json; charset=utf-8', 'cache-control': 'no-cache'})</msg>
<msg time="2025-07-17T18:45:22.441088" level="DEBUG">Finished Request</msg>
<msg time="2025-07-17T18:45:22.441215" level="DEBUG">POST http://localhost:33753/session/0fc9e21bd398644a181ade2cafc2ca4b/element/f.5FFA700C7CFD146F9A3887AAF5D7098E.d.FA2223D1BC65F43B24ED4D03B8C3DEC4.e.38/clear {}</msg>
<msg time="2025-07-17T18:45:22.459015" level="DEBUG">http://localhost:33753 "POST /session/0fc9e21bd398644a181ade2cafc2ca4b/element/f.5FFA700C7CFD146F9A3887AAF5D7098E.d.FA2223D1BC65F43B24ED4D03B8C3DEC4.e.38/clear HTTP/1.1" 200 14</msg>
<msg time="2025-07-17T18:45:22.459329" level="DEBUG">Remote response: status=200 | data={"value":null} | headers=HTTPHeaderDict({'Content-Length': '14', 'Content-Type': 'application/json; charset=utf-8', 'cache-control': 'no-cache'})</msg>
<msg time="2025-07-17T18:45:22.459424" level="DEBUG">Finished Request</msg>
<msg time="2025-07-17T18:45:22.459573" level="DEBUG">POST http://localhost:33753/session/0fc9e21bd398644a181ade2cafc2ca4b/element/f.5FFA700C7CFD146F9A3887AAF5D7098E.d.FA2223D1BC65F43B24ED4D03B8C3DEC4.e.38/value {'text': 'testqqq', 'value': ['t', 'e', 's', 't', 'q', 'q', 'q']}</msg>
<msg time="2025-07-17T18:45:22.492560" level="DEBUG">http://localhost:33753 "POST /session/0fc9e21bd398644a181ade2cafc2ca4b/element/f.5FFA700C7CFD146F9A3887AAF5D7098E.d.FA2223D1BC65F43B24ED4D03B8C3DEC4.e.38/value HTTP/1.1" 200 14</msg>
<msg time="2025-07-17T18:45:22.492907" level="DEBUG">Remote response: status=200 | data={"value":null} | headers=HTTPHeaderDict({'Content-Length': '14', 'Content-Type': 'application/json; charset=utf-8', 'cache-control': 'no-cache'})</msg>
<msg time="2025-07-17T18:45:22.493006" level="DEBUG">Finished Request</msg>
<msg time="2025-07-17T18:45:22.493102" level="TRACE">Return: None</msg>
<arg>xpath=//input[contains(@id, 'name_rule')]</arg>
<arg>${rule_name}</arg>
<doc>Types the given ``text`` into the text field identified by ``locator``.</doc>
<status status="PASS" start="2025-07-17T18:45:22.430990" elapsed="0.062179"/>
</kw>
<kw name="Click Element" owner="SeleniumLibrary">
<msg time="2025-07-17T18:45:22.493758" level="TRACE">Arguments: [ "xpath=//div[contains(@name, 'src-network')]//span[contains(@class, 'ivu-select-placeholder')]" ]</msg>
<msg time="2025-07-17T18:45:22.493890" level="INFO">Clicking element 'xpath=//div[contains(@name, 'src-network')]//span[contains(@class, 'ivu-select-placeholder')]'.</msg>
<msg time="2025-07-17T18:45:22.494070" level="DEBUG">POST http://localhost:33753/session/0fc9e21bd398644a181ade2cafc2ca4b/elements {'using': 'xpath', 'value': "//div[contains(@name, 'src-network')]//span[contains(@class, 'ivu-select-placeholder')]"}</msg>
<msg time="2025-07-17T18:45:22.507985" level="DEBUG">http://localhost:33753 "POST /session/0fc9e21bd398644a181ade2cafc2ca4b/elements HTTP/1.1" 200 128</msg>
<msg time="2025-07-17T18:45:22.508313" level="DEBUG">Remote response: status=200 | data={"value":[{"element-6066-11e4-a52e-4f735466cecf":"f.5FFA700C7CFD146F9A3887AAF5D7098E.d.FA2223D1BC65F43B24ED4D03B8C3DEC4.e.60"}]} | headers=HTTPHeaderDict({'Content-Length': '128', 'Content-Type': 'application/json; charset=utf-8', 'cache-control': 'no-cache'})</msg>
<msg time="2025-07-17T18:45:22.508410" level="DEBUG">Finished Request</msg>
<msg time="2025-07-17T18:45:22.508555" level="DEBUG">POST http://localhost:33753/session/0fc9e21bd398644a181ade2cafc2ca4b/element/f.5FFA700C7CFD146F9A3887AAF5D7098E.d.FA2223D1BC65F43B24ED4D03B8C3DEC4.e.60/click {}</msg>
<msg time="2025-07-17T18:45:22.553826" level="DEBUG">http://localhost:33753 "POST /session/0fc9e21bd398644a181ade2cafc2ca4b/element/f.5FFA700C7CFD146F9A3887AAF5D7098E.d.FA2223D1BC65F43B24ED4D03B8C3DEC4.e.60/click HTTP/1.1" 200 14</msg>
<msg time="2025-07-17T18:45:22.554146" level="DEBUG">Remote response: status=200 | data={"value":null} | headers=HTTPHeaderDict({'Content-Length': '14', 'Content-Type': 'application/json; charset=utf-8', 'cache-control': 'no-cache'})</msg>
<msg time="2025-07-17T18:45:22.554241" level="DEBUG">Finished Request</msg>
<msg time="2025-07-17T18:45:22.554331" level="TRACE">Return: None</msg>
<arg>xpath=//div[contains(@name, 'src-network')]//span[contains(@class, 'ivu-select-placeholder')]</arg>
<doc>Click the element identified by ``locator``.</doc>
<status status="PASS" start="2025-07-17T18:45:22.493474" elapsed="0.060922"/>
</kw>
<kw name="Wait Until Element Is Visible" owner="SeleniumLibrary">
<msg time="2025-07-17T18:45:22.554931" level="TRACE">Arguments: [ "xpath=//div[contains(@name, 'src-network')]//div[contains(@class, 'ivu-select-visible')]" ]</msg>
<msg time="2025-07-17T18:45:22.555214" level="DEBUG">POST http://localhost:33753/session/0fc9e21bd398644a181ade2cafc2ca4b/elements {'using': 'xpath', 'value': "//div[contains(@name, 'src-network')]//div[contains(@class, 'ivu-select-visible')]"}</msg>
<msg time="2025-07-17T18:45:22.564721" level="DEBUG">http://localhost:33753 "POST /session/0fc9e21bd398644a181ade2cafc2ca4b/elements HTTP/1.1" 200 128</msg>
<msg time="2025-07-17T18:45:22.565000" level="DEBUG">Remote response: status=200 | data={"value":[{"element-6066-11e4-a52e-4f735466cecf":"f.5FFA700C7CFD146F9A3887AAF5D7098E.d.FA2223D1BC65F43B24ED4D03B8C3DEC4.e.62"}]} | headers=HTTPHeaderDict({'Content-Length': '128', 'Content-Type': 'application/json; charset=utf-8', 'cache-control': 'no-cache'})</msg>
<msg time="2025-07-17T18:45:22.565094" level="DEBUG">Finished Request</msg>
<msg time="2025-07-17T18:45:22.565327" level="DEBUG">POST http://localhost:33753/session/0fc9e21bd398644a181ade2cafc2ca4b/execute/sync {'script': '/* isDisplayed */return (function(){return (function(){var g=this||self;\nfunction aa(a){var b=typeof...', 'args': [{'element-6066-11e4-a52e-4f735466cecf': 'f.5FFA700C7CFD146F9A3887AAF5D7098E.d.FA2223D1BC65F43B24ED4D03B8C3DEC4.e.62'}]}</msg>
<msg time="2025-07-17T18:45:22.571621" level="DEBUG">http://localhost:33753 "POST /session/0fc9e21bd398644a181ade2cafc2ca4b/execute/sync HTTP/1.1" 200 14</msg>
<msg time="2025-07-17T18:45:22.571959" level="DEBUG">Remote response: status=200 | data={"value":true} | headers=HTTPHeaderDict({'Content-Length': '14', 'Content-Type': 'application/json; charset=utf-8', 'cache-control': 'no-cache'})</msg>
<msg time="2025-07-17T18:45:22.572078" level="DEBUG">Finished Request</msg>
<msg time="2025-07-17T18:45:22.572176" level="TRACE">Return: None</msg>
<arg>xpath=//div[contains(@name, 'src-network')]//div[contains(@class, 'ivu-select-visible')]</arg>
<doc>Waits until the element ``locator`` is visible.</doc>
<status status="PASS" start="2025-07-17T18:45:22.554683" elapsed="0.017564"/>
</kw>
<kw name="Get Text" owner="SeleniumLibrary">
<msg time="2025-07-17T18:45:22.572817" level="TRACE">Arguments: [ "xpath=//div[contains(@name, 'src-network')]//div[contains(@class, 'ivu-select-visible')]//ul[contains(@class, 'ivu-select-dropdown-list')]" ]</msg>
<msg time="2025-07-17T18:45:22.573085" level="DEBUG">POST http://localhost:33753/session/0fc9e21bd398644a181ade2cafc2ca4b/elements {'using': 'xpath', 'value': "//div[contains(@name, 'src-network')]//div[contains(@class, 'ivu-select-visible')]//ul[contains(@cla..."}</msg>
<msg time="2025-07-17T18:45:22.582325" level="DEBUG">http://localhost:33753 "POST /session/0fc9e21bd398644a181ade2cafc2ca4b/elements HTTP/1.1" 200 128</msg>
<msg time="2025-07-17T18:45:22.582653" level="DEBUG">Remote response: status=200 | data={"value":[{"element-6066-11e4-a52e-4f735466cecf":"f.5FFA700C7CFD146F9A3887AAF5D7098E.d.FA2223D1BC65F43B24ED4D03B8C3DEC4.e.63"}]} | headers=HTTPHeaderDict({'Content-Length': '128', 'Content-Type': 'application/json; charset=utf-8', 'cache-control': 'no-cache'})</msg>
<msg time="2025-07-17T18:45:22.582752" level="DEBUG">Finished Request</msg>
<msg time="2025-07-17T18:45:22.582890" level="DEBUG">GET http://localhost:33753/session/0fc9e21bd398644a181ade2cafc2ca4b/element/f.5FFA700C7CFD146F9A3887AAF5D7098E.d.FA2223D1BC65F43B24ED4D03B8C3DEC4.e.63/text {}</msg>
<msg time="2025-07-17T18:45:22.594892" level="DEBUG">http://localhost:33753 "GET /session/0fc9e21bd398644a181ade2cafc2ca4b/element/f.5FFA700C7CFD146F9A3887AAF5D7098E.d.FA2223D1BC65F43B24ED4D03B8C3DEC4.e.63/text HTTP/1.1" 200 19</msg>
<msg time="2025-07-17T18:45:22.595184" level="DEBUG">Remote response: status=200 | data={"value":"veip0.2"} | headers=HTTPHeaderDict({'Content-Length': '19', 'Content-Type': 'application/json; charset=utf-8', 'cache-control': 'no-cache'})</msg>
<msg time="2025-07-17T18:45:22.595355" level="DEBUG">Finished Request</msg>
<msg time="2025-07-17T18:45:22.595458" level="TRACE">Return: 'veip0.2'</msg>
<msg time="2025-07-17T18:45:22.595615" level="INFO">${wan_interface} = veip0.2</msg>
<var>${wan_interface}</var>
<arg>xpath=//div[contains(@name, 'src-network')]//div[contains(@class, 'ivu-select-visible')]//ul[contains(@class, 'ivu-select-dropdown-list')]</arg>
<doc>Returns the text value of the element identified by ``locator``.</doc>
<status status="PASS" start="2025-07-17T18:45:22.572561" elapsed="0.023092"/>
</kw>
<kw name="Log To Console" owner="BuiltIn">
<msg time="2025-07-17T18:45:22.596155" level="TRACE">Arguments: [ 'veip0.2' ]</msg>
<msg time="2025-07-17T18:45:22.596311" level="TRACE">Return: None</msg>
<arg>${wan_interface}</arg>
<doc>Logs the given message to the console.</doc>
<status status="PASS" start="2025-07-17T18:45:22.595938" elapsed="0.000426"/>
</kw>
<kw name="Click Element" owner="SeleniumLibrary">
<msg time="2025-07-17T18:45:22.596825" level="TRACE">Arguments: [ "xpath=//div[contains(@name, 'src-network')]//div[contains(@class, 'ivu-select-visible')]//ul[contains(@class, 'ivu-select-dropdown-list')]//li[contains(text(), 'veip0.2')]" ]</msg>
<msg time="2025-07-17T18:45:22.596930" level="INFO">Clicking element 'xpath=//div[contains(@name, 'src-network')]//div[contains(@class, 'ivu-select-visible')]//ul[contains(@class, 'ivu-select-dropdown-list')]//li[contains(text(), 'veip0.2')]'.</msg>
<msg time="2025-07-17T18:45:22.597096" level="DEBUG">POST http://localhost:33753/session/0fc9e21bd398644a181ade2cafc2ca4b/elements {'using': 'xpath', 'value': "//div[contains(@name, 'src-network')]//div[contains(@class, 'ivu-select-visible')]//ul[contains(@cla..."}</msg>
<msg time="2025-07-17T18:45:22.606646" level="DEBUG">http://localhost:33753 "POST /session/0fc9e21bd398644a181ade2cafc2ca4b/elements HTTP/1.1" 200 128</msg>
<msg time="2025-07-17T18:45:22.606937" level="DEBUG">Remote response: status=200 | data={"value":[{"element-6066-11e4-a52e-4f735466cecf":"f.5FFA700C7CFD146F9A3887AAF5D7098E.d.FA2223D1BC65F43B24ED4D03B8C3DEC4.e.64"}]} | headers=HTTPHeaderDict({'Content-Length': '128', 'Content-Type': 'application/json; charset=utf-8', 'cache-control': 'no-cache'})</msg>
<msg time="2025-07-17T18:45:22.607033" level="DEBUG">Finished Request</msg>
<msg time="2025-07-17T18:45:22.607169" level="DEBUG">POST http://localhost:33753/session/0fc9e21bd398644a181ade2cafc2ca4b/element/f.5FFA700C7CFD146F9A3887AAF5D7098E.d.FA2223D1BC65F43B24ED4D03B8C3DEC4.e.64/click {}</msg>
<msg time="2025-07-17T18:45:22.660891" level="DEBUG">http://localhost:33753 "POST /session/0fc9e21bd398644a181ade2cafc2ca4b/element/f.5FFA700C7CFD146F9A3887AAF5D7098E.d.FA2223D1BC65F43B24ED4D03B8C3DEC4.e.64/click HTTP/1.1" 200 14</msg>
<msg time="2025-07-17T18:45:22.661213" level="DEBUG">Remote response: status=200 | data={"value":null} | headers=HTTPHeaderDict({'Content-Length': '14', 'Content-Type': 'application/json; charset=utf-8', 'cache-control': 'no-cache'})</msg>
<msg time="2025-07-17T18:45:22.661308" level="DEBUG">Finished Request</msg>
<msg time="2025-07-17T18:45:22.661400" level="TRACE">Return: None</msg>
<arg>xpath=//div[contains(@name, 'src-network')]//div[contains(@class, 'ivu-select-visible')]//ul[contains(@class, 'ivu-select-dropdown-list')]//li[contains(text(), '${wan_interface}')]</arg>
<doc>Click the element identified by ``locator``.</doc>
<status status="PASS" start="2025-07-17T18:45:22.596560" elapsed="0.064904"/>
</kw>
<kw name="Wait Until Element Is Visible" owner="SeleniumLibrary">
<msg time="2025-07-17T18:45:22.662120" level="TRACE">Arguments: [ "xpath=//div[contains(@name, 'src-network')]//span[contains(@class, 'ivu-select-placeholder') and contains(text(), 'veip0.2')]" ]</msg>
<msg time="2025-07-17T18:45:22.662412" level="DEBUG">POST http://localhost:33753/session/0fc9e21bd398644a181ade2cafc2ca4b/elements {'using': 'xpath', 'value': "//div[contains(@name, 'src-network')]//span[contains(@class, 'ivu-select-placeholder') and contains(..."}</msg>
<msg time="2025-07-17T18:45:22.672384" level="DEBUG">http://localhost:33753 "POST /session/0fc9e21bd398644a181ade2cafc2ca4b/elements HTTP/1.1" 200 128</msg>
<msg time="2025-07-17T18:45:22.672743" level="DEBUG">Remote response: status=200 | data={"value":[{"element-6066-11e4-a52e-4f735466cecf":"f.5FFA700C7CFD146F9A3887AAF5D7098E.d.FA2223D1BC65F43B24ED4D03B8C3DEC4.e.60"}]} | headers=HTTPHeaderDict({'Content-Length': '128', 'Content-Type': 'application/json; charset=utf-8', 'cache-control': 'no-cache'})</msg>
<msg time="2025-07-17T18:45:22.672856" level="DEBUG">Finished Request</msg>
<msg time="2025-07-17T18:45:22.673114" level="DEBUG">POST http://localhost:33753/session/0fc9e21bd398644a181ade2cafc2ca4b/execute/sync {'script': '/* isDisplayed */return (function(){return (function(){var g=this||self;\nfunction aa(a){var b=typeof...', 'args': [{'element-6066-11e4-a52e-4f735466cecf': 'f.5FFA700C7CFD146F9A3887AAF5D7098E.d.FA2223D1BC65F43B24ED4D03B8C3DEC4.e.60'}]}</msg>
<msg time="2025-07-17T18:45:22.677963" level="DEBUG">http://localhost:33753 "POST /session/0fc9e21bd398644a181ade2cafc2ca4b/execute/sync HTTP/1.1" 200 14</msg>
<msg time="2025-07-17T18:45:22.678232" level="DEBUG">Remote response: status=200 | data={"value":true} | headers=HTTPHeaderDict({'Content-Length': '14', 'Content-Type': 'application/json; charset=utf-8', 'cache-control': 'no-cache'})</msg>
<msg time="2025-07-17T18:45:22.678329" level="DEBUG">Finished Request</msg>
<msg time="2025-07-17T18:45:22.678422" level="TRACE">Return: None</msg>
<arg>xpath=//div[contains(@name, 'src-network')]//span[contains(@class, 'ivu-select-placeholder') and contains(text(), '${wan_interface}')]</arg>
<doc>Waits until the element ``locator`` is visible.</doc>
<status status="PASS" start="2025-07-17T18:45:22.661780" elapsed="0.016707"/>
</kw>
<kw name="Click Element" owner="SeleniumLibrary">
<msg time="2025-07-17T18:45:22.679038" level="TRACE">Arguments: [ "xpath=//div[contains(@name, 'src-ip')]//span[contains(@class, 'ivu-select-placeholder')]" ]</msg>
<msg time="2025-07-17T18:45:22.679179" level="INFO">Clicking element 'xpath=//div[contains(@name, 'src-ip')]//span[contains(@class, 'ivu-select-placeholder')]'.</msg>
<msg time="2025-07-17T18:45:22.679382" level="DEBUG">POST http://localhost:33753/session/0fc9e21bd398644a181ade2cafc2ca4b/elements {'using': 'xpath', 'value': "//div[contains(@name, 'src-ip')]//span[contains(@class, 'ivu-select-placeholder')]"}</msg>
<msg time="2025-07-17T18:45:22.688437" level="DEBUG">http://localhost:33753 "POST /session/0fc9e21bd398644a181ade2cafc2ca4b/elements HTTP/1.1" 200 128</msg>
<msg time="2025-07-17T18:45:22.688709" level="DEBUG">Remote response: status=200 | data={"value":[{"element-6066-11e4-a52e-4f735466cecf":"f.5FFA700C7CFD146F9A3887AAF5D7098E.d.FA2223D1BC65F43B24ED4D03B8C3DEC4.e.65"}]} | headers=HTTPHeaderDict({'Content-Length': '128', 'Content-Type': 'application/json; charset=utf-8', 'cache-control': 'no-cache'})</msg>
<msg time="2025-07-17T18:45:22.688802" level="DEBUG">Finished Request</msg>
<msg time="2025-07-17T18:45:22.688932" level="DEBUG">POST http://localhost:33753/session/0fc9e21bd398644a181ade2cafc2ca4b/element/f.5FFA700C7CFD146F9A3887AAF5D7098E.d.FA2223D1BC65F43B24ED4D03B8C3DEC4.e.65/click {}</msg>
<msg time="2025-07-17T18:45:22.731456" level="DEBUG">http://localhost:33753 "POST /session/0fc9e21bd398644a181ade2cafc2ca4b/element/f.5FFA700C7CFD146F9A3887AAF5D7098E.d.FA2223D1BC65F43B24ED4D03B8C3DEC4.e.65/click HTTP/1.1" 200 14</msg>
<msg time="2025-07-17T18:45:22.731771" level="DEBUG">Remote response: status=200 | data={"value":null} | headers=HTTPHeaderDict({'Content-Length': '14', 'Content-Type': 'application/json; charset=utf-8', 'cache-control': 'no-cache'})</msg>
<msg time="2025-07-17T18:45:22.731892" level="DEBUG">Finished Request</msg>
<msg time="2025-07-17T18:45:22.731990" level="TRACE">Return: None</msg>
<arg>xpath=//div[contains(@name, 'src-ip')]//span[contains(@class, 'ivu-select-placeholder')]</arg>
<doc>Click the element identified by ``locator``.</doc>
<status status="PASS" start="2025-07-17T18:45:22.678788" elapsed="0.053270"/>
</kw>
<kw name="Wait Until Element Is Visible" owner="SeleniumLibrary">
<msg time="2025-07-17T18:45:22.732708" level="TRACE">Arguments: [ "xpath=//div[contains(@name, 'src-ip')]//div[contains(@class, 'ivu-select-visible')]" ]</msg>
<msg time="2025-07-17T18:45:22.733010" level="DEBUG">POST http://localhost:33753/session/0fc9e21bd398644a181ade2cafc2ca4b/elements {'using': 'xpath', 'value': "//div[contains(@name, 'src-ip')]//div[contains(@class, 'ivu-select-visible')]"}</msg>
<msg time="2025-07-17T18:45:22.742497" level="DEBUG">http://localhost:33753 "POST /session/0fc9e21bd398644a181ade2cafc2ca4b/elements HTTP/1.1" 200 128</msg>
<msg time="2025-07-17T18:45:22.742825" level="DEBUG">Remote response: status=200 | data={"value":[{"element-6066-11e4-a52e-4f735466cecf":"f.5FFA700C7CFD146F9A3887AAF5D7098E.d.FA2223D1BC65F43B24ED4D03B8C3DEC4.e.66"}]} | headers=HTTPHeaderDict({'Content-Length': '128', 'Content-Type': 'application/json; charset=utf-8', 'cache-control': 'no-cache'})</msg>
<msg time="2025-07-17T18:45:22.742920" level="DEBUG">Finished Request</msg>
<msg time="2025-07-17T18:45:22.743131" level="DEBUG">POST http://localhost:33753/session/0fc9e21bd398644a181ade2cafc2ca4b/execute/sync {'script': '/* isDisplayed */return (function(){return (function(){var g=this||self;\nfunction aa(a){var b=typeof...', 'args': [{'element-6066-11e4-a52e-4f735466cecf': 'f.5FFA700C7CFD146F9A3887AAF5D7098E.d.FA2223D1BC65F43B24ED4D03B8C3DEC4.e.66'}]}</msg>
<msg time="2025-07-17T18:45:22.747738" level="DEBUG">http://localhost:33753 "POST /session/0fc9e21bd398644a181ade2cafc2ca4b/execute/sync HTTP/1.1" 200 14</msg>
<msg time="2025-07-17T18:45:22.747967" level="DEBUG">Remote response: status=200 | data={"value":true} | headers=HTTPHeaderDict({'Content-Length': '14', 'Content-Type': 'application/json; charset=utf-8', 'cache-control': 'no-cache'})</msg>
<msg time="2025-07-17T18:45:22.748046" level="DEBUG">Finished Request</msg>
<msg time="2025-07-17T18:45:22.748131" level="TRACE">Return: None</msg>
<arg>xpath=//div[contains(@name, 'src-ip')]//div[contains(@class, 'ivu-select-visible')]</arg>
<doc>Waits until the element ``locator`` is visible.</doc>
<status status="PASS" start="2025-07-17T18:45:22.732428" elapsed="0.015764"/>
</kw>
<kw name="Click Element" owner="SeleniumLibrary">
<msg time="2025-07-17T18:45:22.748718" level="TRACE">Arguments: [ "xpath=//div[contains(@name, 'src-ip')]//div[contains(@class, 'ivu-select-visible')]//ul[contains(@class, 'ivu-select-dropdown-list')]//li[contains(text(), 'Custom IP')]" ]</msg>
<msg time="2025-07-17T18:45:22.748854" level="INFO">Clicking element 'xpath=//div[contains(@name, 'src-ip')]//div[contains(@class, 'ivu-select-visible')]//ul[contains(@class, 'ivu-select-dropdown-list')]//li[contains(text(), 'Custom IP')]'.</msg>
<msg time="2025-07-17T18:45:22.749014" level="DEBUG">POST http://localhost:33753/session/0fc9e21bd398644a181ade2cafc2ca4b/elements {'using': 'xpath', 'value': "//div[contains(@name, 'src-ip')]//div[contains(@class, 'ivu-select-visible')]//ul[contains(@class, '..."}</msg>
<msg time="2025-07-17T18:45:22.758092" level="DEBUG">http://localhost:33753 "POST /session/0fc9e21bd398644a181ade2cafc2ca4b/elements HTTP/1.1" 200 128</msg>
<msg time="2025-07-17T18:45:22.758343" level="DEBUG">Remote response: status=200 | data={"value":[{"element-6066-11e4-a52e-4f735466cecf":"f.5FFA700C7CFD146F9A3887AAF5D7098E.d.FA2223D1BC65F43B24ED4D03B8C3DEC4.e.67"}]} | headers=HTTPHeaderDict({'Content-Length': '128', 'Content-Type': 'application/json; charset=utf-8', 'cache-control': 'no-cache'})</msg>
<msg time="2025-07-17T18:45:22.758426" level="DEBUG">Finished Request</msg>
<msg time="2025-07-17T18:45:22.758546" level="DEBUG">POST http://localhost:33753/session/0fc9e21bd398644a181ade2cafc2ca4b/element/f.5FFA700C7CFD146F9A3887AAF5D7098E.d.FA2223D1BC65F43B24ED4D03B8C3DEC4.e.67/click {}</msg>
<msg time="2025-07-17T18:45:22.803769" level="DEBUG">http://localhost:33753 "POST /session/0fc9e21bd398644a181ade2cafc2ca4b/element/f.5FFA700C7CFD146F9A3887AAF5D7098E.d.FA2223D1BC65F43B24ED4D03B8C3DEC4.e.67/click HTTP/1.1" 200 14</msg>
<msg time="2025-07-17T18:45:22.804087" level="DEBUG">Remote response: status=200 | data={"value":null} | headers=HTTPHeaderDict({'Content-Length': '14', 'Content-Type': 'application/json; charset=utf-8', 'cache-control': 'no-cache'})</msg>
<msg time="2025-07-17T18:45:22.804175" level="DEBUG">Finished Request</msg>
<msg time="2025-07-17T18:45:22.804263" level="TRACE">Return: None</msg>
<arg>xpath=//div[contains(@name, 'src-ip')]//div[contains(@class, 'ivu-select-visible')]//ul[contains(@class, 'ivu-select-dropdown-list')]//li[contains(text(), 'Custom IP')]</arg>
<doc>Click the element identified by ``locator``.</doc>
<status status="PASS" start="2025-07-17T18:45:22.748458" elapsed="0.055868"/>
</kw>
<kw name="Wait Until Element Is Visible" owner="SeleniumLibrary">
<msg time="2025-07-17T18:45:22.804883" level="TRACE">Arguments: [ "xpath=//div[contains(@name, 'src-ip')]//span[contains(@class, 'ivu-select-placeholder') and contains(text(), 'Custom IP')]" ]</msg>
<msg time="2025-07-17T18:45:22.805172" level="DEBUG">POST http://localhost:33753/session/0fc9e21bd398644a181ade2cafc2ca4b/elements {'using': 'xpath', 'value': "//div[contains(@name, 'src-ip')]//span[contains(@class, 'ivu-select-placeholder') and contains(text(..."}</msg>
<msg time="2025-07-17T18:45:22.815075" level="DEBUG">http://localhost:33753 "POST /session/0fc9e21bd398644a181ade2cafc2ca4b/elements HTTP/1.1" 200 128</msg>
<msg time="2025-07-17T18:45:22.815361" level="DEBUG">Remote response: status=200 | data={"value":[{"element-6066-11e4-a52e-4f735466cecf":"f.5FFA700C7CFD146F9A3887AAF5D7098E.d.FA2223D1BC65F43B24ED4D03B8C3DEC4.e.65"}]} | headers=HTTPHeaderDict({'Content-Length': '128', 'Content-Type': 'application/json; charset=utf-8', 'cache-control': 'no-cache'})</msg>
<msg time="2025-07-17T18:45:22.815446" level="DEBUG">Finished Request</msg>
<msg time="2025-07-17T18:45:22.815657" level="DEBUG">POST http://localhost:33753/session/0fc9e21bd398644a181ade2cafc2ca4b/execute/sync {'script': '/* isDisplayed */return (function(){return (function(){var g=this||self;\nfunction aa(a){var b=typeof...', 'args': [{'element-6066-11e4-a52e-4f735466cecf': 'f.5FFA700C7CFD146F9A3887AAF5D7098E.d.FA2223D1BC65F43B24ED4D03B8C3DEC4.e.65'}]}</msg>
<msg time="2025-07-17T18:45:22.820849" level="DEBUG">http://localhost:33753 "POST /session/0fc9e21bd398644a181ade2cafc2ca4b/execute/sync HTTP/1.1" 200 14</msg>
<msg time="2025-07-17T18:45:22.821113" level="DEBUG">Remote response: status=200 | data={"value":true} | headers=HTTPHeaderDict({'Content-Length': '14', 'Content-Type': 'application/json; charset=utf-8', 'cache-control': 'no-cache'})</msg>
<msg time="2025-07-17T18:45:22.821198" level="DEBUG">Finished Request</msg>
<msg time="2025-07-17T18:45:22.821284" level="TRACE">Return: None</msg>
<arg>xpath=//div[contains(@name, 'src-ip')]//span[contains(@class, 'ivu-select-placeholder') and contains(text(), 'Custom IP')]</arg>
<doc>Waits until the element ``locator`` is visible.</doc>
<status status="PASS" start="2025-07-17T18:45:22.804634" elapsed="0.016711"/>
</kw>
<kw name="Input Text" owner="SeleniumLibrary">
<msg time="2025-07-17T18:45:22.821943" level="TRACE">Arguments: [ "xpath=//div[contains(@name, 'src-ip')]//input[contains(@id, 'custom_external_ip')]" | '2.2.2.2' ]</msg>
<msg time="2025-07-17T18:45:22.822070" level="INFO">Typing text '2.2.2.2' into text field 'xpath=//div[contains(@name, 'src-ip')]//input[contains(@id, 'custom_external_ip')]'.</msg>
<msg time="2025-07-17T18:45:22.822229" level="DEBUG">POST http://localhost:33753/session/0fc9e21bd398644a181ade2cafc2ca4b/elements {'using': 'xpath', 'value': "//div[contains(@name, 'src-ip')]//input[contains(@id, 'custom_external_ip')]"}</msg>
<msg time="2025-07-17T18:45:22.830855" level="DEBUG">http://localhost:33753 "POST /session/0fc9e21bd398644a181ade2cafc2ca4b/elements HTTP/1.1" 200 128</msg>
<msg time="2025-07-17T18:45:22.831109" level="DEBUG">Remote response: status=200 | data={"value":[{"element-6066-11e4-a52e-4f735466cecf":"f.5FFA700C7CFD146F9A3887AAF5D7098E.d.FA2223D1BC65F43B24ED4D03B8C3DEC4.e.39"}]} | headers=HTTPHeaderDict({'Content-Length': '128', 'Content-Type': 'application/json; charset=utf-8', 'cache-control': 'no-cache'})</msg>
<msg time="2025-07-17T18:45:22.831270" level="DEBUG">Finished Request</msg>
<msg time="2025-07-17T18:45:22.831403" level="DEBUG">POST http://localhost:33753/session/0fc9e21bd398644a181ade2cafc2ca4b/element/f.5FFA700C7CFD146F9A3887AAF5D7098E.d.FA2223D1BC65F43B24ED4D03B8C3DEC4.e.39/clear {}</msg>
<msg time="2025-07-17T18:45:22.848589" level="DEBUG">http://localhost:33753 "POST /session/0fc9e21bd398644a181ade2cafc2ca4b/element/f.5FFA700C7CFD146F9A3887AAF5D7098E.d.FA2223D1BC65F43B24ED4D03B8C3DEC4.e.39/clear HTTP/1.1" 200 14</msg>
<msg time="2025-07-17T18:45:22.848882" level="DEBUG">Remote response: status=200 | data={"value":null} | headers=HTTPHeaderDict({'Content-Length': '14', 'Content-Type': 'application/json; charset=utf-8', 'cache-control': 'no-cache'})</msg>
<msg time="2025-07-17T18:45:22.848972" level="DEBUG">Finished Request</msg>
<msg time="2025-07-17T18:45:22.849109" level="DEBUG">POST http://localhost:33753/session/0fc9e21bd398644a181ade2cafc2ca4b/element/f.5FFA700C7CFD146F9A3887AAF5D7098E.d.FA2223D1BC65F43B24ED4D03B8C3DEC4.e.39/value {'text': '2.2.2.2', 'value': ['2', '.', '2', '.', '2', '.', '2']}</msg>
<msg time="2025-07-17T18:45:22.887933" level="DEBUG">http://localhost:33753 "POST /session/0fc9e21bd398644a181ade2cafc2ca4b/element/f.5FFA700C7CFD146F9A3887AAF5D7098E.d.FA2223D1BC65F43B24ED4D03B8C3DEC4.e.39/value HTTP/1.1" 200 14</msg>
<msg time="2025-07-17T18:45:22.888256" level="DEBUG">Remote response: status=200 | data={"value":null} | headers=HTTPHeaderDict({'Content-Length': '14', 'Content-Type': 'application/json; charset=utf-8', 'cache-control': 'no-cache'})</msg>
<msg time="2025-07-17T18:45:22.888343" level="DEBUG">Finished Request</msg>
<msg time="2025-07-17T18:45:22.888431" level="TRACE">Return: None</msg>
<arg>xpath=//div[contains(@name, 'src-ip')]//input[contains(@id, 'custom_external_ip')]</arg>
<arg>${ip_external}</arg>
<doc>Types the given ``text`` into the text field identified by ``locator``.</doc>
<status status="PASS" start="2025-07-17T18:45:22.821638" elapsed="0.066855"/>
</kw>
<kw name="Click Element" owner="SeleniumLibrary">
<msg time="2025-07-17T18:45:22.889010" level="TRACE">Arguments: [ "xpath=//div[contains(@name, 'external-port')]//span[contains(@class, 'ivu-select-placeholder')]" ]</msg>
<msg time="2025-07-17T18:45:22.889129" level="INFO">Clicking element 'xpath=//div[contains(@name, 'external-port')]//span[contains(@class, 'ivu-select-placeholder')]'.</msg>
<msg time="2025-07-17T18:45:22.889293" level="DEBUG">POST http://localhost:33753/session/0fc9e21bd398644a181ade2cafc2ca4b/elements {'using': 'xpath', 'value': "//div[contains(@name, 'external-port')]//span[contains(@class, 'ivu-select-placeholder')]"}</msg>
<msg time="2025-07-17T18:45:22.898304" level="DEBUG">http://localhost:33753 "POST /session/0fc9e21bd398644a181ade2cafc2ca4b/elements HTTP/1.1" 200 128</msg>
<msg time="2025-07-17T18:45:22.898558" level="DEBUG">Remote response: status=200 | data={"value":[{"element-6066-11e4-a52e-4f735466cecf":"f.5FFA700C7CFD146F9A3887AAF5D7098E.d.FA2223D1BC65F43B24ED4D03B8C3DEC4.e.73"}]} | headers=HTTPHeaderDict({'Content-Length': '128', 'Content-Type': 'application/json; charset=utf-8', 'cache-control': 'no-cache'})</msg>
<msg time="2025-07-17T18:45:22.898641" level="DEBUG">Finished Request</msg>
<msg time="2025-07-17T18:45:22.898764" level="DEBUG">POST http://localhost:33753/session/0fc9e21bd398644a181ade2cafc2ca4b/element/f.5FFA700C7CFD146F9A3887AAF5D7098E.d.FA2223D1BC65F43B24ED4D03B8C3DEC4.e.73/click {}</msg>
<msg time="2025-07-17T18:45:22.939590" level="DEBUG">http://localhost:33753 "POST /session/0fc9e21bd398644a181ade2cafc2ca4b/element/f.5FFA700C7CFD146F9A3887AAF5D7098E.d.FA2223D1BC65F43B24ED4D03B8C3DEC4.e.73/click HTTP/1.1" 200 14</msg>
<msg time="2025-07-17T18:45:22.939898" level="DEBUG">Remote response: status=200 | data={"value":null} | headers=HTTPHeaderDict({'Content-Length': '14', 'Content-Type': 'application/json; charset=utf-8', 'cache-control': 'no-cache'})</msg>
<msg time="2025-07-17T18:45:22.939985" level="DEBUG">Finished Request</msg>
<msg time="2025-07-17T18:45:22.940069" level="TRACE">Return: None</msg>
<arg>xpath=//div[contains(@name, 'external-port')]//span[contains(@class, 'ivu-select-placeholder')]</arg>
<doc>Click the element identified by ``locator``.</doc>
<status status="PASS" start="2025-07-17T18:45:22.888773" elapsed="0.051356"/>
</kw>
<kw name="Wait Until Element Is Visible" owner="SeleniumLibrary">
<msg time="2025-07-17T18:45:22.940666" level="TRACE">Arguments: [ "xpath=//div[contains(@name, 'external-port')]//div[contains(@class, 'ivu-select-visible')]" ]</msg>
<msg time="2025-07-17T18:45:22.940952" level="DEBUG">POST http://localhost:33753/session/0fc9e21bd398644a181ade2cafc2ca4b/elements {'using': 'xpath', 'value': "//div[contains(@name, 'external-port')]//div[contains(@class, 'ivu-select-visible')]"}</msg>
<msg time="2025-07-17T18:45:22.950383" level="DEBUG">http://localhost:33753 "POST /session/0fc9e21bd398644a181ade2cafc2ca4b/elements HTTP/1.1" 200 128</msg>
<msg time="2025-07-17T18:45:22.950705" level="DEBUG">Remote response: status=200 | data={"value":[{"element-6066-11e4-a52e-4f735466cecf":"f.5FFA700C7CFD146F9A3887AAF5D7098E.d.FA2223D1BC65F43B24ED4D03B8C3DEC4.e.74"}]} | headers=HTTPHeaderDict({'Content-Length': '128', 'Content-Type': 'application/json; charset=utf-8', 'cache-control': 'no-cache'})</msg>
<msg time="2025-07-17T18:45:22.950805" level="DEBUG">Finished Request</msg>
<msg time="2025-07-17T18:45:22.951043" level="DEBUG">POST http://localhost:33753/session/0fc9e21bd398644a181ade2cafc2ca4b/execute/sync {'script': '/* isDisplayed */return (function(){return (function(){var g=this||self;\nfunction aa(a){var b=typeof...', 'args': [{'element-6066-11e4-a52e-4f735466cecf': 'f.5FFA700C7CFD146F9A3887AAF5D7098E.d.FA2223D1BC65F43B24ED4D03B8C3DEC4.e.74'}]}</msg>
<msg time="2025-07-17T18:45:22.956406" level="DEBUG">http://localhost:33753 "POST /session/0fc9e21bd398644a181ade2cafc2ca4b/execute/sync HTTP/1.1" 200 14</msg>
<msg time="2025-07-17T18:45:22.956683" level="DEBUG">Remote response: status=200 | data={"value":true} | headers=HTTPHeaderDict({'Content-Length': '14', 'Content-Type': 'application/json; charset=utf-8', 'cache-control': 'no-cache'})</msg>
<msg time="2025-07-17T18:45:22.956774" level="DEBUG">Finished Request</msg>
<msg time="2025-07-17T18:45:22.956868" level="TRACE">Return: None</msg>
[...]
		&lt;div class="modal__content"&gt;
			&lt;div style="display: inline-flex;"&gt;
				&lt;h3&gt;Your session will expire &lt;span id="ncounter"&gt;&lt;/span&gt;&lt;/h3&gt;
			&lt;/div&gt;
		&lt;/div&gt;
		&lt;div class="modal__footer u-spc-top--sml"&gt;
			&lt;button class="btn btn--primary--extend_session btn--med u-rounded translate" data-args="text.extend" onclick="counter_reset(min), close_window()"&gt;Extend&lt;/button&gt;
			&lt;button class="btn btn--ghost btn--med translate" data-args="text.logout" onclick="logout()"&gt;Logout&lt;/button&gt;
		&lt;/div&gt;
	&lt;/div&gt;
&lt;/div&gt;

&lt;script type="text/javascript"&gt;
	var min = 10;

	$(document).ready(function () {
		$.get('api/management/session-timeout',
			function (data) {
				min = data.timeout;
				counter_init(min);
			}
		);

		var username = sessionStorage.getItem("username");
		var IsFirstLogin = sessionStorage.getItem("IsFirstLogin");
		renderHandlebarsTemplate(".header", "partials/header.hbs", { isLogin: true });
		if(username == "user" &amp;&amp; IsFirstLogin != "yes"){
			renderHandlebarsTemplate(".layout--split__sidebar", "partials/sidebar.hbs", { isUser: true });
		} else if(username == "user" &amp;&amp; IsFirstLogin == "yes"){
			renderHandlebarsTemplate(".layout--split__sidebar", "partials/sidebar.hbs", { Changepw: true  });
		}else {
			renderHandlebarsTemplate( ".layout--split__sidebar", "partials/sidebar.hbs", { isAdmin: true });
		}
		renderContent(true);
	});
&lt;/script&gt;&lt;/div&gt;

	&lt;div class="ivu-notice" style="top: 24px; right: 0px; z-index: 1017;"&gt;&lt;/div&gt;

	&lt;script type="text/javascript"&gt;
		$(document).ready(function () {
			window.onpopstate = function (event) {
				moveSidebar(event.state.depth1, event.state.depth2, event.state.depth3);
			};
			// history.pushState({}, '');

			loadI18n(function () {
				if (sessionStorage.getItem('token') == null) {
					retriveTemplate('.u-display--i', 'views/login.hbs');
				}
				else {
					retriveTemplate('.u-display--i', 'views/main.hbs')
				}
			})
		});
	&lt;/script&gt;

&lt;/body&gt;&lt;/html&gt;</msg>
<msg time="2025-07-17T18:45:23.595507" level="DEBUG">POST http://localhost:33753/session/0fc9e21bd398644a181ade2cafc2ca4b/elements {'using': 'xpath', 'value': "//button[contains(@type, 'submit')]"}</msg>
<msg time="2025-07-17T18:45:23.602915" level="DEBUG">http://localhost:33753 "POST /session/0fc9e21bd398644a181ade2cafc2ca4b/elements HTTP/1.1" 200 128</msg>
<msg time="2025-07-17T18:45:23.603182" level="DEBUG">Remote response: status=200 | data={"value":[{"element-6066-11e4-a52e-4f735466cecf":"f.5FFA700C7CFD146F9A3887AAF5D7098E.d.FA2223D1BC65F43B24ED4D03B8C3DEC4.e.98"}]} | headers=HTTPHeaderDict({'Content-Length': '128', 'Content-Type': 'application/json; charset=utf-8', 'cache-control': 'no-cache'})</msg>
<msg time="2025-07-17T18:45:23.603267" level="DEBUG">Finished Request</msg>
<msg time="2025-07-17T18:45:23.603384" level="DEBUG">GET http://localhost:33753/session/0fc9e21bd398644a181ade2cafc2ca4b/element/f.5FFA700C7CFD146F9A3887AAF5D7098E.d.FA2223D1BC65F43B24ED4D03B8C3DEC4.e.98/name {}</msg>
<msg time="2025-07-17T18:45:23.606925" level="DEBUG">http://localhost:33753 "GET /session/0fc9e21bd398644a181ade2cafc2ca4b/element/f.5FFA700C7CFD146F9A3887AAF5D7098E.d.FA2223D1BC65F43B24ED4D03B8C3DEC4.e.98/name HTTP/1.1" 200 18</msg>
<msg time="2025-07-17T18:45:23.607155" level="DEBUG">Remote response: status=200 | data={"value":"button"} | headers=HTTPHeaderDict({'Content-Length': '18', 'Content-Type': 'application/json; charset=utf-8', 'cache-control': 'no-cache'})</msg>
<msg time="2025-07-17T18:45:23.607234" level="DEBUG">Finished Request</msg>
<msg time="2025-07-17T18:45:23.607292" level="INFO">Current page contains button 'xpath=//button[contains(@type, 'submit')]'.</msg>
<msg time="2025-07-17T18:45:23.607356" level="TRACE">Return: None</msg>
<arg>xpath=//button[contains(@type, 'submit')]</arg>
<doc>Verifies button ``locator`` is found from current page.</doc>
<status status="PASS" start="2025-07-17T18:45:23.571769" elapsed="0.035645"/>
</kw>
<kw name="Click Element" owner="SeleniumLibrary">
<msg time="2025-07-17T18:45:23.607976" level="TRACE">Arguments: [ "xpath=//button[contains(@type, 'submit')]" ]</msg>
<msg time="2025-07-17T18:45:23.608097" level="INFO">Clicking element 'xpath=//button[contains(@type, 'submit')]'.</msg>
<msg time="2025-07-17T18:45:23.608259" level="DEBUG">POST http://localhost:33753/session/0fc9e21bd398644a181ade2cafc2ca4b/elements {'using': 'xpath', 'value': "//button[contains(@type, 'submit')]"}</msg>
<msg time="2025-07-17T18:45:23.613294" level="DEBUG">http://localhost:33753 "POST /session/0fc9e21bd398644a181ade2cafc2ca4b/elements HTTP/1.1" 200 128</msg>
<msg time="2025-07-17T18:45:23.613525" level="DEBUG">Remote response: status=200 | data={"value":[{"element-6066-11e4-a52e-4f735466cecf":"f.5FFA700C7CFD146F9A3887AAF5D7098E.d.FA2223D1BC65F43B24ED4D03B8C3DEC4.e.98"}]} | headers=HTTPHeaderDict({'Content-Length': '128', 'Content-Type': 'application/json; charset=utf-8', 'cache-control': 'no-cache'})</msg>
<msg time="2025-07-17T18:45:23.613608" level="DEBUG">Finished Request</msg>
<msg time="2025-07-17T18:45:23.613717" level="DEBUG">POST http://localhost:33753/session/0fc9e21bd398644a181ade2cafc2ca4b/element/f.5FFA700C7CFD146F9A3887AAF5D7098E.d.FA2223D1BC65F43B24ED4D03B8C3DEC4.e.98/click {}</msg>
<msg time="2025-07-17T18:45:23.661598" level="DEBUG">http://localhost:33753 "POST /session/0fc9e21bd398644a181ade2cafc2ca4b/element/f.5FFA700C7CFD146F9A3887AAF5D7098E.d.FA2223D1BC65F43B24ED4D03B8C3DEC4.e.98/click HTTP/1.1" 200 14</msg>
<msg time="2025-07-17T18:45:23.661907" level="DEBUG">Remote response: status=200 | data={"value":null} | headers=HTTPHeaderDict({'Content-Length': '14', 'Content-Type': 'application/json; charset=utf-8', 'cache-control': 'no-cache'})</msg>
<msg time="2025-07-17T18:45:23.661996" level="DEBUG">Finished Request</msg>
<msg time="2025-07-17T18:45:23.662080" level="TRACE">Return: None</msg>
<arg>xpath=//button[contains(@type, 'submit')]</arg>
<doc>Click the element identified by ``locator``.</doc>
<status status="PASS" start="2025-07-17T18:45:23.607723" elapsed="0.054417"/>
</kw>
<msg time="2025-07-17T18:45:23.662278" level="TRACE">Return: None</msg>
<status status="PASS" start="2025-07-17T18:45:21.343803" elapsed="2.318518"/>
</kw>
<kw name="Verify Rule Created">
<msg time="2025-07-17T18:45:23.662904" level="TRACE">Arguments: [  ]</msg>
<kw name="Wait Until Element Is Visible" owner="SeleniumLibrary">
<msg time="2025-07-17T18:45:23.663433" level="TRACE">Arguments: [ "xpath=//div[contains(@class, 'table')]//div[contains(@class, 'td') and contains(text(), 'testqqq')]" | timeout=datetime.timedelta(seconds=10) ]</msg>
<msg time="2025-07-17T18:45:23.663714" level="DEBUG">POST http://localhost:33753/session/0fc9e21bd398644a181ade2cafc2ca4b/elements {'using': 'xpath', 'value': "//div[contains(@class, 'table')]//div[contains(@class, 'td') and contains(text(), 'testqqq')]"}</msg>
<msg time="2025-07-17T18:45:23.673065" level="DEBUG">http://localhost:33753 "POST /session/0fc9e21bd398644a181ade2cafc2ca4b/elements HTTP/1.1" 200 12</msg>
<msg time="2025-07-17T18:45:23.673371" level="DEBUG">Remote response: status=200 | data={"value":[]} | headers=HTTPHeaderDict({'Content-Length': '12', 'Content-Type': 'application/json; charset=utf-8', 'cache-control': 'no-cache'})</msg>
<msg time="2025-07-17T18:45:23.673459" level="DEBUG">Finished Request</msg>
<msg time="2025-07-17T18:45:23.874246" level="DEBUG">POST http://localhost:33753/session/0fc9e21bd398644a181ade2cafc2ca4b/elements {'using': 'xpath', 'value': "//div[contains(@class, 'table')]//div[contains(@class, 'td') and contains(text(), 'testqqq')]"}</msg>
<msg time="2025-07-17T18:45:23.880332" level="DEBUG">http://localhost:33753 "POST /session/0fc9e21bd398644a181ade2cafc2ca4b/elements HTTP/1.1" 200 12</msg>
<msg time="2025-07-17T18:45:23.880700" level="DEBUG">Remote response: status=200 | data={"value":[]} | headers=HTTPHeaderDict({'Content-Length': '12', 'Content-Type': 'application/json; charset=utf-8', 'cache-control': 'no-cache'})</msg>
<msg time="2025-07-17T18:45:23.880806" level="DEBUG">Finished Request</msg>
<msg time="2025-07-17T18:45:24.081399" level="DEBUG">POST http://localhost:33753/session/0fc9e21bd398644a181ade2cafc2ca4b/elements {'using': 'xpath', 'value': "//div[contains(@class, 'table')]//div[contains(@class, 'td') and contains(text(), 'testqqq')]"}</msg>
<msg time="2025-07-17T18:45:24.087775" level="DEBUG">http://localhost:33753 "POST /session/0fc9e21bd398644a181ade2cafc2ca4b/elements HTTP/1.1" 200 12</msg>
<msg time="2025-07-17T18:45:24.088083" level="DEBUG">Remote response: status=200 | data={"value":[]} | headers=HTTPHeaderDict({'Content-Length': '12', 'Content-Type': 'application/json; charset=utf-8', 'cache-control': 'no-cache'})</msg>
<msg time="2025-07-17T18:45:24.088170" level="DEBUG">Finished Request</msg>
<msg time="2025-07-17T18:45:24.288789" level="DEBUG">POST http://localhost:33753/session/0fc9e21bd398644a181ade2cafc2ca4b/elements {'using': 'xpath', 'value': "//div[contains(@class, 'table')]//div[contains(@class, 'td') and contains(text(), 'testqqq')]"}</msg>
<msg time="2025-07-17T18:45:24.295023" level="DEBUG">http://localhost:33753 "POST /session/0fc9e21bd398644a181ade2cafc2ca4b/elements HTTP/1.1" 200 12</msg>
<msg time="2025-07-17T18:45:24.295354" level="DEBUG">Remote response: status=200 | data={"value":[]} | headers=HTTPHeaderDict({'Content-Length': '12', 'Content-Type': 'application/json; charset=utf-8', 'cache-control': 'no-cache'})</msg>
<msg time="2025-07-17T18:45:24.295452" level="DEBUG">Finished Request</msg>
<msg time="2025-07-17T18:45:24.495999" level="DEBUG">POST http://localhost:33753/session/0fc9e21bd398644a181ade2cafc2ca4b/elements {'using': 'xpath', 'value': "//div[contains(@class, 'table')]//div[contains(@class, 'td') and contains(text(), 'testqqq')]"}</msg>
<msg time="2025-07-17T18:45:24.502420" level="DEBUG">http://localhost:33753 "POST /session/0fc9e21bd398644a181ade2cafc2ca4b/elements HTTP/1.1" 200 12</msg>
<msg time="2025-07-17T18:45:24.502712" level="DEBUG">Remote response: status=200 | data={"value":[]} | headers=HTTPHeaderDict({'Content-Length': '12', 'Content-Type': 'application/json; charset=utf-8', 'cache-control': 'no-cache'})</msg>
<msg time="2025-07-17T18:45:24.502871" level="DEBUG">Finished Request</msg>
<msg time="2025-07-17T18:45:24.703495" level="DEBUG">POST http://localhost:33753/session/0fc9e21bd398644a181ade2cafc2ca4b/elements {'using': 'xpath', 'value': "//div[contains(@class, 'table')]//div[contains(@class, 'td') and contains(text(), 'testqqq')]"}</msg>
<msg time="2025-07-17T18:45:24.709727" level="DEBUG">http://localhost:33753 "POST /session/0fc9e21bd398644a181ade2cafc2ca4b/elements HTTP/1.1" 200 12</msg>
<msg time="2025-07-17T18:45:24.710007" level="DEBUG">Remote response: status=200 | data={"value":[]} | headers=HTTPHeaderDict({'Content-Length': '12', 'Content-Type': 'application/json; charset=utf-8', 'cache-control': 'no-cache'})</msg>
<msg time="2025-07-17T18:45:24.710093" level="DEBUG">Finished Request</msg>
<msg time="2025-07-17T18:45:24.910712" level="DEBUG">POST http://localhost:33753/session/0fc9e21bd398644a181ade2cafc2ca4b/elements {'using': 'xpath', 'value': "//div[contains(@class, 'table')]//div[contains(@class, 'td') and contains(text(), 'testqqq')]"}</msg>
<msg time="2025-07-17T18:45:24.917241" level="DEBUG">http://localhost:33753 "POST /session/0fc9e21bd398644a181ade2cafc2ca4b/elements HTTP/1.1" 200 12</msg>
<msg time="2025-07-17T18:45:24.917563" level="DEBUG">Remote response: status=200 | data={"value":[]} | headers=HTTPHeaderDict({'Content-Length': '12', 'Content-Type': 'application/json; charset=utf-8', 'cache-control': 'no-cache'})</msg>
<msg time="2025-07-17T18:45:24.917658" level="DEBUG">Finished Request</msg>
<msg time="2025-07-17T18:45:25.118211" level="DEBUG">POST http://localhost:33753/session/0fc9e21bd398644a181ade2cafc2ca4b/elements {'using': 'xpath', 'value': "//div[contains(@class, 'table')]//div[contains(@class, 'td') and contains(text(), 'testqqq')]"}</msg>
<msg time="2025-07-17T18:45:25.124391" level="DEBUG">http://localhost:33753 "POST /session/0fc9e21bd398644a181ade2cafc2ca4b/elements HTTP/1.1" 200 12</msg>
<msg time="2025-07-17T18:45:25.124691" level="DEBUG">Remote response: status=200 | data={"value":[]} | headers=HTTPHeaderDict({'Content-Length': '12', 'Content-Type': 'application/json; charset=utf-8', 'cache-control': 'no-cache'})</msg>
<msg time="2025-07-17T18:45:25.124780" level="DEBUG">Finished Request</msg>
<msg time="2025-07-17T18:45:25.325344" level="DEBUG">POST http://localhost:33753/session/0fc9e21bd398644a181ade2cafc2ca4b/elements {'using': 'xpath', 'value': "//div[contains(@class, 'table')]//div[contains(@class, 'td') and contains(text(), 'testqqq')]"}</msg>
<msg time="2025-07-17T18:45:25.476247" level="DEBUG">http://localhost:33753 "POST /session/0fc9e21bd398644a181ade2cafc2ca4b/elements HTTP/1.1" 200 12</msg>
<msg time="2025-07-17T18:45:25.476558" level="DEBUG">Remote response: status=200 | data={"value":[]} | headers=HTTPHeaderDict({'Content-Length': '12', 'Content-Type': 'application/json; charset=utf-8', 'cache-control': 'no-cache'})</msg>
<msg time="2025-07-17T18:45:25.476646" level="DEBUG">Finished Request</msg>
<msg time="2025-07-17T18:45:25.677196" level="DEBUG">POST http://localhost:33753/session/0fc9e21bd398644a181ade2cafc2ca4b/elements {'using': 'xpath', 'value': "//div[contains(@class, 'table')]//div[contains(@class, 'td') and contains(text(), 'testqqq')]"}</msg>
<msg time="2025-07-17T18:45:25.684209" level="DEBUG">http://localhost:33753 "POST /session/0fc9e21bd398644a181ade2cafc2ca4b/elements HTTP/1.1" 200 129</msg>
<msg time="2025-07-17T18:45:25.684515" level="DEBUG">Remote response: status=200 | data={"value":[{"element-6066-11e4-a52e-4f735466cecf":"f.5FFA700C7CFD146F9A3887AAF5D7098E.d.EF555CE732348F136E3B57F7173A07B8.e.123"}]} | headers=HTTPHeaderDict({'Content-Length': '129', 'Content-Type': 'application/json; charset=utf-8', 'cache-control': 'no-cache'})</msg>
<msg time="2025-07-17T18:45:25.684609" level="DEBUG">Finished Request</msg>
<msg time="2025-07-17T18:45:25.684841" level="DEBUG">POST http://localhost:33753/session/0fc9e21bd398644a181ade2cafc2ca4b/execute/sync {'script': '/* isDisplayed */return (function(){return (function(){var g=this||self;\nfunction aa(a){var b=typeof...', 'args': [{'element-6066-11e4-a52e-4f735466cecf': 'f.5FFA700C7CFD146F9A3887AAF5D7098E.d.EF555CE732348F136E3B57F7173A07B8.e.123'}]}</msg>
<msg time="2025-07-17T18:45:25.689758" level="DEBUG">http://localhost:33753 "POST /session/0fc9e21bd398644a181ade2cafc2ca4b/execute/sync HTTP/1.1" 200 14</msg>
<msg time="2025-07-17T18:45:25.690012" level="DEBUG">Remote response: status=200 | data={"value":true} | headers=HTTPHeaderDict({'Content-Length': '14', 'Content-Type': 'application/json; charset=utf-8', 'cache-control': 'no-cache'})</msg>
<msg time="2025-07-17T18:45:25.690099" level="DEBUG">Finished Request</msg>
<msg time="2025-07-17T18:45:25.690191" level="TRACE">Return: None</msg>
<arg>xpath=//div[contains(@class, 'table')]//div[contains(@class, 'td') and contains(text(), '${rule_name}')]</arg>
<arg>timeout=10s</arg>
<doc>Waits until the element ``locator`` is visible.</doc>
<status status="PASS" start="2025-07-17T18:45:23.663102" elapsed="2.027154"/>
</kw>
<kw name="Element Should Be Visible" owner="SeleniumLibrary">
<msg time="2025-07-17T18:45:25.691086" level="TRACE">Arguments: [ "xpath=//div[contains(@class, 'table')]//button[contains(@class, btn--primary) and contains(@value, '1|testqqq|veip0.2|2.2.2.2|192.168.1.55|5060|5060|TCP or UDP|5060|5060')]" ]</msg>
<msg time="2025-07-17T18:45:25.691340" level="DEBUG">POST http://localhost:33753/session/0fc9e21bd398644a181ade2cafc2ca4b/elements {'using': 'xpath', 'value': "//div[contains(@class, 'table')]//button[contains(@class, btn--primary) and contains(@value, '1|test..."}</msg>
<msg time="2025-07-17T18:45:25.700763" level="DEBUG">http://localhost:33753 "POST /session/0fc9e21bd398644a181ade2cafc2ca4b/elements HTTP/1.1" 200 247</msg>
<msg time="2025-07-17T18:45:25.701028" level="DEBUG">Remote response: status=200 | data={"value":[{"element-6066-11e4-a52e-4f735466cecf":"f.5FFA700C7CFD146F9A3887AAF5D7098E.d.EF555CE732348F136E3B57F7173A07B8.e.124"},{"element-6066-11e4-a52e-4f735466cecf":"f.5FFA700C7CFD146F9A3887AAF5D7098E.d.EF555CE732348F136E3B57F7173A07B8.e.125"}]} | headers=HTTPHeaderDict({'Content-Length': '247', 'Content-Type': 'application/json; charset=utf-8', 'cache-control': 'no-cache'})</msg>
<msg time="2025-07-17T18:45:25.701121" level="DEBUG">Finished Request</msg>
<msg time="2025-07-17T18:45:25.701348" level="DEBUG">POST http://localhost:33753/session/0fc9e21bd398644a181ade2cafc2ca4b/execute/sync {'script': '/* isDisplayed */return (function(){return (function(){var g=this||self;\nfunction aa(a){var b=typeof...', 'args': [{'element-6066-11e4-a52e-4f735466cecf': 'f.5FFA700C7CFD146F9A3887AAF5D7098E.d.EF555CE732348F136E3B57F7173A07B8.e.124'}]}</msg>
<msg time="2025-07-17T18:45:25.705841" level="DEBUG">http://localhost:33753 "POST /session/0fc9e21bd398644a181ade2cafc2ca4b/execute/sync HTTP/1.1" 200 14</msg>
<msg time="2025-07-17T18:45:25.706078" level="DEBUG">Remote response: status=200 | data={"value":true} | headers=HTTPHeaderDict({'Content-Length': '14', 'Content-Type': 'application/json; charset=utf-8', 'cache-control': 'no-cache'})</msg>
<msg time="2025-07-17T18:45:25.706163" level="DEBUG">Finished Request</msg>
<msg time="2025-07-17T18:45:25.706221" level="INFO">Element 'xpath=//div[contains(@class, 'table')]//button[contains(@class, btn--primary) and contains(@value, '1|testqqq|veip0.2|2.2.2.2|192.168.1.55|5060|5060|TCP or UDP|5060|5060')]' is displayed.</msg>
<msg time="2025-07-17T18:45:25.706285" level="TRACE">Return: None</msg>
<arg>xpath=//div[contains(@class, 'table')]//button[contains(@class, btn--primary) and contains(@value, '1|${rule_name}|${wan_interface}|${ip_external}|${ip_internal}|${port_external}|${port_external}|TCP or UDP|${port_internal}|${port_internal}')]</arg>
<doc>Verifies that the element identified by ``locator`` is visible.</doc>
<status status="PASS" start="2025-07-17T18:45:25.690563" elapsed="0.015780"/>
</kw>
<msg time="2025-07-17T18:45:25.706481" level="TRACE">Return: None</msg>
<status status="PASS" start="2025-07-17T18:45:23.662660" elapsed="2.043935"/>
</kw>
<kw name="Close All Browsers" owner="SeleniumLibrary" type="TEARDOWN">
<msg time="2025-07-17T18:45:25.707166" level="TRACE">Arguments: [  ]</msg>
<msg time="2025-07-17T18:45:25.707259" level="DEBUG">Closing all browsers.</msg>
<msg time="2025-07-17T18:45:25.707386" level="DEBUG">DELETE http://localhost:33753/session/0fc9e21bd398644a181ade2cafc2ca4b {}</msg>
<msg time="2025-07-17T18:45:25.760375" level="DEBUG">http://localhost:33753 "DELETE /session/0fc9e21bd398644a181ade2cafc2ca4b HTTP/1.1" 200 14</msg>
<msg time="2025-07-17T18:45:25.760822" level="DEBUG">Remote response: status=200 | data={"value":null} | headers=HTTPHeaderDict({'Content-Length': '14', 'Content-Type': 'application/json; charset=utf-8', 'cache-control': 'no-cache'})</msg>
<msg time="2025-07-17T18:45:25.760914" level="DEBUG">Finished Request</msg>
<msg time="2025-07-17T18:45:25.768576" level="TRACE">Return: None</msg>
<doc>Closes all open browsers and resets the browser cache.</doc>
<status status="PASS" start="2025-07-17T18:45:25.707031" elapsed="0.061654"/>
</kw>
<status status="PASS" start="2025-07-17T18:45:13.058153" elapsed="12.710719"/>
</test>
<status status="PASS" start="2025-07-17T18:45:12.926886" elapsed="12.842561"/>
</suite>
<statistics>
<total>
<stat pass="1" fail="0" skip="0">All Tests</stat>
</total>
<tag>
</tag>
<suite>
<stat name="Port Forwarding" id="s1" pass="1" fail="0" skip="0">Port Forwarding</stat>
</suite>
</statistics>
<errors>
</errors>
</robot>
